INFO 2020-12-03 20:36:17,188 autoreload 617 Watching for file changes with StatReloader
INFO 2020-12-03 20:37:22,122 autoreload 240 E:\PyCharm\django\edu_api\edu_api\settings\develop.py changed, reloading.
INFO 2020-12-03 20:37:22,422 autoreload 617 Watching for file changes with StatReloader
INFO 2020-12-03 20:38:52,210 autoreload 240 E:\PyCharm\django\edu_api\edu_api\settings\develop.py changed, reloading.
INFO 2020-12-03 20:38:52,489 autoreload 617 Watching for file changes with StatReloader
INFO 2020-12-03 20:40:46,380 autoreload 240 E:\PyCharm\django\edu_api\edu_api\settings\develop.py changed, reloading.
INFO 2020-12-03 20:40:46,709 autoreload 617 Watching for file changes with StatReloader
INFO 2020-12-03 20:42:58,503 autoreload 240 E:\PyCharm\django\edu_api\edu_api\settings\develop.py changed, reloading.
INFO 2020-12-03 20:42:58,793 autoreload 617 Watching for file changes with StatReloader
INFO 2020-12-03 20:43:57,173 autoreload 617 Watching for file changes with StatReloader
INFO 2020-12-03 20:44:12,803 autoreload 617 Watching for file changes with StatReloader
INFO 2020-12-03 20:44:49,188 autoreload 617 Watching for file changes with StatReloader
INFO 2020-12-03 20:45:18,673 autoreload 617 Watching for file changes with StatReloader
INFO 2020-12-03 20:49:50,884 autoreload 240 E:\PyCharm\django\edu_api\edu_api\settings\develop.py changed, reloading.
INFO 2020-12-03 20:49:51,173 autoreload 617 Watching for file changes with StatReloader
INFO 2020-12-03 21:33:47,123 autoreload 240 E:\venv\env2005\TestDemo\Lib\site-packages\django\conf\global_settings.py changed, reloading.
INFO 2020-12-03 21:34:06,939 autoreload 597 Watching for file changes with StatReloader
INFO 2020-12-03 21:43:11,793 autoreload 217 E:\venv\env2005\TestDemo\Lib\site-packages\django\conf\__init__.py changed, reloading.
WARNING 2020-12-03 21:48:33,243 base 91 Not Found: /
WARNING 2020-12-03 21:48:33,244 basehttp 124 "GET / HTTP/1.1" 404 2152
WARNING 2020-12-03 21:48:33,288 base 91 Not Found: /favicon.ico
WARNING 2020-12-03 21:48:33,288 basehttp 124 "GET /favicon.ico HTTP/1.1" 404 2203
INFO 2020-12-03 21:52:42,777 basehttp 124 "GET /admin/ HTTP/1.1" 200 4366
INFO 2020-12-03 21:52:42,808 basehttp 124 "GET /static/xadmin/css/themes/bootstrap-xadmin.css HTTP/1.1" 200 1888
INFO 2020-12-03 21:52:42,812 basehttp 124 "GET /static/xadmin/css/xadmin.responsive.css HTTP/1.1" 200 4361
INFO 2020-12-03 21:52:42,812 basehttp 124 "GET /static/xadmin/vendor/bootstrap/css/bootstrap.css HTTP/1.1" 200 126432
INFO 2020-12-03 21:52:42,813 basehttp 124 "GET /static/xadmin/css/xadmin.main.css HTTP/1.1" 200 8376
INFO 2020-12-03 21:52:42,813 basehttp 124 "GET /static/xadmin/vendor/font-awesome/css/font-awesome.css HTTP/1.1" 200 21658
INFO 2020-12-03 21:52:42,813 basehttp 124 "GET /static/xadmin/css/xadmin.plugins.css HTTP/1.1" 200 175
INFO 2020-12-03 21:52:42,817 basehttp 124 "GET /static/xadmin/vendor/jquery-ui/jquery.ui.mouse.js HTTP/1.1" 200 4561
INFO 2020-12-03 21:52:42,818 basehttp 124 "GET /static/xadmin/vendor/jquery-ui/jquery.ui.widget.js HTTP/1.1" 200 15069
INFO 2020-12-03 21:52:42,818 basehttp 124 "GET /static/xadmin/vendor/jquery-ui/jquery.ui.sortable.js HTTP/1.1" 200 42543
INFO 2020-12-03 21:52:42,819 basehttp 124 "GET /static/xadmin/vendor/jquery/jquery.js HTTP/1.1" 200 240196
INFO 2020-12-03 21:52:42,821 basehttp 124 "GET /static/xadmin/vendor/bootstrap/js/bootstrap.js HTTP/1.1" 200 58327
INFO 2020-12-03 21:52:42,830 basehttp 124 "GET /static/xadmin/js/xadmin.plugin.themes.js HTTP/1.1" 200 3489
INFO 2020-12-03 21:52:42,831 basehttp 124 "GET /static/xadmin/js/xadmin.main.js HTTP/1.1" 200 3401
INFO 2020-12-03 21:52:42,831 basehttp 124 "GET /static/xadmin/js/xadmin.responsive.js HTTP/1.1" 200 4165
INFO 2020-12-03 21:52:42,831 basehttp 124 "GET /static/xadmin/vendor/jquery-ui/jquery.ui.effect.js HTTP/1.1" 200 31918
INFO 2020-12-03 21:52:42,834 basehttp 124 "GET /static/xadmin/vendor/jquery-ui/jquery.ui.core.js HTTP/1.1" 200 8195
INFO 2020-12-03 21:52:42,835 basehttp 124 "GET /admin/jsi18n/ HTTP/1.1" 200 4373
INFO 2020-12-03 21:52:42,901 basehttp 124 "GET /static/xadmin/vendor/font-awesome/fonts/fontawesome-webfont.woff?v=4.0.3 HTTP/1.1" 200 44432
WARNING 2020-12-03 21:52:42,918 base 91 Not Found: /favicon.ico
WARNING 2020-12-03 21:52:42,918 basehttp 124 "GET /favicon.ico HTTP/1.1" 404 2211
INFO 2020-12-03 21:52:52,657 basehttp 124 "POST /admin/ HTTP/1.1" 302 0
WARNING 2020-12-03 21:54:08,345 csrf 149 Forbidden (CSRF token missing or incorrect.): /admin/
WARNING 2020-12-03 21:54:08,348 basehttp 124 "POST /admin/ HTTP/1.1" 403 2513
INFO 2020-12-03 21:54:15,137 basehttp 124 "GET /admin/ HTTP/1.1" 200 14766
INFO 2020-12-03 21:54:15,159 basehttp 124 "GET /static/xadmin/css/xadmin.page.dashboard.css HTTP/1.1" 200 790
INFO 2020-12-03 21:54:15,160 basehttp 124 "GET /static/xadmin/js/xadmin.page.dashboard.js HTTP/1.1" 200 3208
INFO 2020-12-03 21:54:15,161 basehttp 124 "GET /static/xadmin/js/xadmin.plugin.portal.js HTTP/1.1" 200 1000
INFO 2020-12-03 21:54:15,164 basehttp 124 "GET /admin/jsi18n/ HTTP/1.1" 200 3185
INFO 2020-12-03 21:54:23,389 basehttp 124 "GET /admin/ HTTP/1.1" 200 14766
INFO 2020-12-03 21:54:23,406 basehttp 124 "GET /admin/jsi18n/ HTTP/1.1" 200 3185
INFO 2020-12-03 21:54:26,021 basehttp 124 "GET /admin/ HTTP/1.1" 200 14766
INFO 2020-12-03 21:54:26,037 basehttp 124 "GET /admin/jsi18n/ HTTP/1.1" 200 3185
INFO 2020-12-03 21:54:43,369 basehttp 124 "GET /admin/xadmin/userwidget/add/?user=1&page_id=home&_redirect=/admin/ HTTP/1.1" 200 18968
INFO 2020-12-03 21:54:43,385 basehttp 124 "GET /static/xadmin/css/xadmin.form.css HTTP/1.1" 200 3763
INFO 2020-12-03 21:54:43,387 basehttp 124 "GET /static/xadmin/js/xadmin.page.form.js HTTP/1.1" 200 1948
INFO 2020-12-03 21:54:43,390 basehttp 124 "GET /admin/jsi18n/ HTTP/1.1" 200 3185
INFO 2020-12-03 21:54:49,085 basehttp 124 "GET /admin/ HTTP/1.1" 200 14766
INFO 2020-12-03 21:54:57,613 basehttp 124 "GET /admin/home/banner/ HTTP/1.1" 200 24325
INFO 2020-12-03 21:54:57,633 basehttp 124 "GET /static/xadmin/js/xadmin.plugin.bookmark.js HTTP/1.1" 200 529
INFO 2020-12-03 21:54:57,633 basehttp 124 "GET /static/xadmin/js/xadmin.plugin.filters.js HTTP/1.1" 200 1990
INFO 2020-12-03 21:54:57,636 basehttp 124 "GET /static/xadmin/js/xadmin.plugin.details.js HTTP/1.1" 200 2319
INFO 2020-12-03 21:54:57,636 basehttp 124 "GET /static/xadmin/js/xadmin.page.list.js HTTP/1.1" 200 1105
INFO 2020-12-03 21:54:57,636 basehttp 124 "GET /admin/jsi18n/ HTTP/1.1" 200 3185
INFO 2020-12-03 21:54:59,251 basehttp 124 "GET /admin/home/nav/ HTTP/1.1" 200 24761
INFO 2020-12-03 21:54:59,271 basehttp 124 "GET /admin/jsi18n/ HTTP/1.1" 200 3185
INFO 2020-12-03 21:55:01,980 basehttp 124 "GET /admin/home/banner/ HTTP/1.1" 200 24325
INFO 2020-12-03 21:55:01,999 basehttp 124 "GET /admin/jsi18n/ HTTP/1.1" 200 3185
INFO 2020-12-03 21:55:08,326 basehttp 124 "GET /admin/home/banner/ HTTP/1.1" 200 24325
INFO 2020-12-03 21:55:08,344 basehttp 124 "GET /admin/jsi18n/ HTTP/1.1" 200 3185
INFO 2020-12-03 21:55:18,893 basehttp 124 "GET /admin/home/banner/add/ HTTP/1.1" 200 19807
INFO 2020-12-03 21:55:18,932 basehttp 124 "GET /static/xadmin/vendor/bootstrap-image-gallery/css/bootstrap-image-gallery.css HTTP/1.1" 200 3339
INFO 2020-12-03 21:55:18,933 basehttp 124 "GET /static/xadmin/vendor/load-image/load-image.js HTTP/1.1" 200 8309
INFO 2020-12-03 21:55:18,933 basehttp 124 "GET /static/xadmin/vendor/bootstrap-image-gallery/js/bootstrap-image-gallery.js HTTP/1.1" 200 15611
INFO 2020-12-03 21:55:18,935 basehttp 124 "GET /admin/jsi18n/ HTTP/1.1" 200 3185
INFO 2020-12-03 21:57:49,794 basehttp 124 "POST /admin/home/banner/add/ HTTP/1.1" 302 0
INFO 2020-12-03 21:57:49,838 basehttp 124 "GET /admin/home/banner/add/ HTTP/1.1" 200 20148
INFO 2020-12-03 21:57:49,879 basehttp 124 "GET /admin/jsi18n/ HTTP/1.1" 200 3185
INFO 2020-12-03 21:58:35,920 basehttp 124 "POST /admin/home/banner/add/ HTTP/1.1" 302 0
INFO 2020-12-03 21:58:35,966 basehttp 124 "GET /admin/home/banner/add/ HTTP/1.1" 200 20148
INFO 2020-12-03 21:58:35,988 basehttp 124 "GET /admin/jsi18n/ HTTP/1.1" 200 3185
INFO 2020-12-03 21:58:50,329 basehttp 124 "POST /admin/home/banner/add/ HTTP/1.1" 302 0
INFO 2020-12-03 21:58:50,375 basehttp 124 "GET /admin/home/banner/add/ HTTP/1.1" 200 20148
INFO 2020-12-03 21:58:50,415 basehttp 124 "GET /admin/jsi18n/ HTTP/1.1" 200 3185
INFO 2020-12-03 21:59:01,738 basehttp 124 "POST /admin/home/banner/add/ HTTP/1.1" 302 0
INFO 2020-12-03 21:59:01,782 basehttp 124 "GET /admin/home/banner/ HTTP/1.1" 200 30114
INFO 2020-12-03 21:59:01,799 basehttp 124 "GET /static/xadmin/js/xadmin.plugin.actions.js HTTP/1.1" 200 4198
INFO 2020-12-03 21:59:01,802 basehttp 124 "GET /admin/jsi18n/ HTTP/1.1" 200 3185
INFO 2020-12-03 21:59:03,975 basehttp 124 "GET /admin/home/banner/1/update/ HTTP/1.1" 200 20281
INFO 2020-12-03 21:59:03,995 basehttp 124 "GET /admin/jsi18n/ HTTP/1.1" 200 3185
INFO 2020-12-03 21:59:03,996 basehttp 124 "GET /media/banner/01.png HTTP/1.1" 200 737783
INFO 2020-12-03 21:59:05,868 basehttp 124 "GET /admin/home/banner/ HTTP/1.1" 200 29810
INFO 2020-12-03 21:59:06,766 basehttp 124 "GET /admin/home/banner/2/update/ HTTP/1.1" 200 20281
INFO 2020-12-03 21:59:06,783 basehttp 124 "GET /media/banner/02.png HTTP/1.1" 200 364808
INFO 2020-12-03 21:59:06,786 basehttp 124 "GET /admin/jsi18n/ HTTP/1.1" 200 3185
INFO 2020-12-03 21:59:08,123 basehttp 124 "GET /admin/home/banner/ HTTP/1.1" 200 29810
INFO 2020-12-03 21:59:08,944 basehttp 124 "GET /admin/home/banner/3/update/ HTTP/1.1" 200 20281
INFO 2020-12-03 21:59:08,964 basehttp 124 "GET /admin/jsi18n/ HTTP/1.1" 200 3185
INFO 2020-12-03 21:59:08,964 basehttp 124 "GET /media/banner/03.png HTTP/1.1" 200 745382
INFO 2020-12-03 21:59:10,186 basehttp 124 "GET /admin/home/banner/ HTTP/1.1" 200 29810
INFO 2020-12-03 21:59:11,094 basehttp 124 "GET /admin/home/banner/4/update/ HTTP/1.1" 200 20281
INFO 2020-12-03 21:59:11,115 basehttp 124 "GET /admin/jsi18n/ HTTP/1.1" 200 3185
INFO 2020-12-03 21:59:11,119 basehttp 124 "GET /media/banner/04.png HTTP/1.1" 200 688041
INFO 2020-12-03 21:59:12,299 basehttp 124 "GET /admin/home/banner/ HTTP/1.1" 200 29810
INFO 2020-12-03 21:59:19,148 basehttp 124 "GET /admin/home/nav/ HTTP/1.1" 200 24761
INFO 2020-12-03 21:59:19,166 basehttp 124 "GET /admin/jsi18n/ HTTP/1.1" 200 3185
INFO 2020-12-03 21:59:41,432 basehttp 124 "GET /admin/home/nav/add/ HTTP/1.1" 200 19155
INFO 2020-12-03 21:59:41,452 basehttp 124 "GET /static/xadmin/vendor/select2/select2.css HTTP/1.1" 200 19226
INFO 2020-12-03 21:59:41,453 basehttp 124 "GET /static/xadmin/vendor/selectize/selectize.css HTTP/1.1" 200 8425
INFO 2020-12-03 21:59:41,453 basehttp 124 "GET /static/xadmin/vendor/selectize/selectize.bootstrap3.css HTTP/1.1" 200 10602
INFO 2020-12-03 21:59:41,458 basehttp 124 "GET /static/xadmin/js/xadmin.widget.select.js HTTP/1.1" 200 1344
INFO 2020-12-03 21:59:41,458 basehttp 124 "GET /static/xadmin/vendor/selectize/selectize.js HTTP/1.1" 200 98602
INFO 2020-12-03 21:59:41,459 basehttp 124 "GET /static/xadmin/vendor/select2/select2.js HTTP/1.1" 200 104906
INFO 2020-12-03 21:59:41,460 basehttp 124 "GET /admin/jsi18n/ HTTP/1.1" 200 3185
WARNING 2020-12-03 21:59:41,461 basehttp 124 "GET /static/xadmin/vendor/select2/select2_locale_en-us.js HTTP/1.1" 404 1767
WARNING 2020-12-03 21:59:41,480 basehttp 124 "GET /static/xadmin/vendor/select2/select2_locale_en-us.js HTTP/1.1" 404 1767
INFO 2020-12-03 22:02:05,547 basehttp 124 "GET /admin/home/nav/ HTTP/1.1" 200 24761
INFO 2020-12-03 22:02:06,481 basehttp 124 "GET /admin/home/nav/ HTTP/1.1" 200 24761
INFO 2020-12-03 22:02:06,497 basehttp 124 "GET /admin/jsi18n/ HTTP/1.1" 200 3185
INFO 2020-12-03 22:02:07,652 basehttp 124 "GET /admin/home/banner/ HTTP/1.1" 200 29810
INFO 2020-12-03 22:02:08,306 basehttp 124 "GET /admin/jsi18n/ HTTP/1.1" 200 3185
INFO 2020-12-03 22:02:09,793 basehttp 124 "GET /admin/home/banner/ HTTP/1.1" 200 29810
INFO 2020-12-03 22:02:09,810 basehttp 124 "GET /admin/jsi18n/ HTTP/1.1" 200 3185
ERROR 2020-12-03 22:05:18,387 exception 72 Invalid HTTP_HOST header: '127.0.0.1:8000'. You may need to add '127.0.0.1' to ALLOWED_HOSTS.
WARNING 2020-12-03 22:05:18,413 basehttp 124 "GET / HTTP/1.1" 400 69491
WARNING 2020-12-03 22:06:26,657 base 91 Not Found: /
WARNING 2020-12-03 22:06:26,658 basehttp 124 "GET / HTTP/1.1" 404 2160
WARNING 2020-12-03 22:06:37,650 base 91 Not Found: /home/
WARNING 2020-12-03 22:06:37,650 basehttp 124 "GET /home/ HTTP/1.1" 404 2248
INFO 2020-12-03 22:06:50,153 basehttp 124 "GET /home/banners HTTP/1.1" 301 0
INFO 2020-12-03 22:06:50,217 basehttp 124 "GET /home/banners/ HTTP/1.1" 200 6404
INFO 2020-12-03 22:06:50,252 basehttp 124 "GET /static/rest_framework/js/ajax-form.js HTTP/1.1" 200 3597
INFO 2020-12-03 22:06:50,253 basehttp 124 "GET /static/rest_framework/css/bootstrap-tweaks.css HTTP/1.1" 200 3385
INFO 2020-12-03 22:06:50,253 basehttp 124 "GET /static/rest_framework/css/prettify.css HTTP/1.1" 200 817
INFO 2020-12-03 22:06:50,253 basehttp 124 "GET /static/rest_framework/css/default.css HTTP/1.1" 200 1131
INFO 2020-12-03 22:06:50,255 basehttp 124 "GET /static/rest_framework/js/csrf.js HTTP/1.1" 200 1719
INFO 2020-12-03 22:06:50,257 basehttp 124 "GET /static/rest_framework/js/default.js HTTP/1.1" 200 1268
INFO 2020-12-03 22:06:50,258 basehttp 124 "GET /static/rest_framework/js/prettify-min.js HTTP/1.1" 200 13632
INFO 2020-12-03 22:06:50,269 basehttp 124 "GET /static/rest_framework/css/bootstrap.min.css HTTP/1.1" 200 121457
INFO 2020-12-03 22:06:50,277 basehttp 124 "GET /static/rest_framework/img/grid.png HTTP/1.1" 200 1458
INFO 2020-12-03 22:06:50,284 basehttp 124 "GET /static/rest_framework/js/bootstrap.min.js HTTP/1.1" 200 39680
INFO 2020-12-03 22:06:50,290 basehttp 124 "GET /static/rest_framework/js/jquery-3.5.1.min.js HTTP/1.1" 200 89476
INFO 2020-12-03 22:09:44,647 basehttp 124 "GET /home/banners/ HTTP/1.1" 200 6404
WARNING 2020-12-03 22:09:50,831 base 91 Not Found: /home/
WARNING 2020-12-03 22:09:50,831 basehttp 124 "GET /home/ HTTP/1.1" 404 2248
ERROR 2020-12-03 22:10:28,273 exception 72 Invalid HTTP_HOST header: '127.0.0.1:8000'. You may need to add '127.0.0.1' to ALLOWED_HOSTS.
WARNING 2020-12-03 22:10:28,293 basehttp 124 "GET / HTTP/1.1" 400 69491
INFO 2020-12-03 22:12:49,502 basehttp 124 "GET /home/banners/ HTTP/1.1" 200 369
INFO 2020-12-03 22:12:49,512 basehttp 124 "GET /media/banner/03.png HTTP/1.1" 304 0
INFO 2020-12-03 22:12:49,513 basehttp 124 "GET /media/banner/02.png HTTP/1.1" 304 0
INFO 2020-12-03 22:12:49,513 basehttp 124 "GET /media/banner/04.png HTTP/1.1" 304 0
INFO 2020-12-03 22:12:49,513 basehttp 124 "GET /media/banner/01.png HTTP/1.1" 304 0
INFO 2020-12-03 22:42:40,504 basehttp 124 "GET /home/banners/ HTTP/1.1" 200 369
INFO 2020-12-03 22:42:40,510 basehttp 124 "GET /media/banner/04.png HTTP/1.1" 304 0
INFO 2020-12-03 22:42:40,512 basehttp 124 "GET /media/banner/03.png HTTP/1.1" 304 0
INFO 2020-12-03 22:42:40,513 basehttp 124 "GET /media/banner/02.png HTTP/1.1" 304 0
INFO 2020-12-03 22:42:40,513 basehttp 124 "GET /media/banner/01.png HTTP/1.1" 304 0
INFO 2020-12-03 22:45:27,276 basehttp 124 "GET /home/banners/ HTTP/1.1" 200 369
INFO 2020-12-03 22:51:40,592 basehttp 124 "GET /admin/home/banner/ HTTP/1.1" 200 29810
INFO 2020-12-03 22:51:40,615 basehttp 124 "GET /static/xadmin/vendor/bootstrap/css/bootstrap.css HTTP/1.1" 304 0
INFO 2020-12-03 22:51:40,619 basehttp 124 "GET /static/xadmin/css/themes/bootstrap-xadmin.css HTTP/1.1" 304 0
INFO 2020-12-03 22:51:40,624 basehttp 124 "GET /static/xadmin/vendor/font-awesome/css/font-awesome.css HTTP/1.1" 304 0
INFO 2020-12-03 22:51:40,624 basehttp 124 "GET /static/xadmin/css/xadmin.main.css HTTP/1.1" 304 0
INFO 2020-12-03 22:51:40,625 basehttp 124 "GET /static/xadmin/vendor/jquery/jquery.js HTTP/1.1" 304 0
INFO 2020-12-03 22:51:40,625 basehttp 124 "GET /static/xadmin/css/xadmin.responsive.css HTTP/1.1" 304 0
INFO 2020-12-03 22:51:40,625 basehttp 124 "GET /static/xadmin/css/xadmin.plugins.css HTTP/1.1" 304 0
INFO 2020-12-03 22:51:40,625 basehttp 124 "GET /static/xadmin/css/xadmin.form.css HTTP/1.1" 304 0
INFO 2020-12-03 22:51:40,630 basehttp 124 "GET /static/xadmin/vendor/bootstrap/js/bootstrap.js HTTP/1.1" 304 0
INFO 2020-12-03 22:51:40,631 basehttp 124 "GET /static/xadmin/vendor/jquery-ui/jquery.ui.sortable.js HTTP/1.1" 304 0
INFO 2020-12-03 22:51:40,631 basehttp 124 "GET /static/xadmin/vendor/jquery-ui/jquery.ui.widget.js HTTP/1.1" 304 0
INFO 2020-12-03 22:51:40,631 basehttp 124 "GET /static/xadmin/js/xadmin.responsive.js HTTP/1.1" 304 0
INFO 2020-12-03 22:51:40,632 basehttp 124 "GET /static/xadmin/vendor/jquery-ui/jquery.ui.mouse.js HTTP/1.1" 304 0
INFO 2020-12-03 22:51:40,632 basehttp 124 "GET /static/xadmin/js/xadmin.main.js HTTP/1.1" 304 0
INFO 2020-12-03 22:51:40,634 basehttp 124 "GET /static/xadmin/js/xadmin.plugin.details.js HTTP/1.1" 304 0
INFO 2020-12-03 22:51:40,638 basehttp 124 "GET /static/xadmin/js/xadmin.page.list.js HTTP/1.1" 304 0
INFO 2020-12-03 22:51:40,638 basehttp 124 "GET /static/xadmin/vendor/jquery-ui/jquery.ui.effect.js HTTP/1.1" 304 0
INFO 2020-12-03 22:51:40,638 basehttp 124 "GET /static/xadmin/js/xadmin.plugin.themes.js HTTP/1.1" 304 0
INFO 2020-12-03 22:51:40,639 basehttp 124 "GET /static/xadmin/vendor/jquery-ui/jquery.ui.core.js HTTP/1.1" 304 0
INFO 2020-12-03 22:51:40,640 basehttp 124 "GET /static/xadmin/js/xadmin.plugin.filters.js HTTP/1.1" 304 0
INFO 2020-12-03 22:51:40,644 basehttp 124 "GET /static/xadmin/js/xadmin.plugin.bookmark.js HTTP/1.1" 304 0
INFO 2020-12-03 22:51:40,644 basehttp 124 "GET /static/xadmin/js/xadmin.page.form.js HTTP/1.1" 304 0
INFO 2020-12-03 22:51:40,644 basehttp 124 "GET /static/xadmin/js/xadmin.plugin.actions.js HTTP/1.1" 304 0
INFO 2020-12-03 22:51:40,646 basehttp 124 "GET /admin/jsi18n/ HTTP/1.1" 200 3185
INFO 2020-12-03 22:51:40,742 basehttp 124 "GET /static/xadmin/vendor/font-awesome/fonts/fontawesome-webfont.woff?v=4.0.3 HTTP/1.1" 304 0
WARNING 2020-12-03 22:51:51,265 base 91 Not Found: /home/
WARNING 2020-12-03 22:51:51,265 basehttp 124 "GET /home/ HTTP/1.1" 404 2248
INFO 2020-12-03 22:51:59,784 basehttp 124 "GET /home/banners/ HTTP/1.1" 200 6404
WARNING 2020-12-03 22:52:04,938 base 91 Not Found: /
WARNING 2020-12-03 22:52:04,939 basehttp 124 "GET / HTTP/1.1" 404 2160
INFO 2020-12-03 22:53:01,100 basehttp 124 "GET /home/banners/ HTTP/1.1" 200 369
INFO 2020-12-03 22:53:01,111 basehttp 124 "GET /media/banner/04.png HTTP/1.1" 304 0
INFO 2020-12-03 22:53:01,111 basehttp 124 "GET /media/banner/03.png HTTP/1.1" 304 0
INFO 2020-12-03 22:53:01,113 basehttp 124 "GET /media/banner/02.png HTTP/1.1" 304 0
INFO 2020-12-03 22:53:01,114 basehttp 124 "GET /media/banner/01.png HTTP/1.1" 304 0
INFO 2020-12-03 22:53:46,924 basehttp 124 "GET /home/banners/ HTTP/1.1" 200 369
INFO 2020-12-03 22:54:19,108 basehttp 124 "GET /home/banners/ HTTP/1.1" 200 369
INFO 2020-12-03 22:54:49,933 basehttp 124 "GET /home/banners/ HTTP/1.1" 200 369
INFO 2020-12-03 23:10:30,861 basehttp 124 "GET /home/banners/ HTTP/1.1" 200 6404
INFO 2020-12-03 23:10:42,766 basehttp 124 "GET /home/banners/ HTTP/1.1" 200 6404
INFO 2020-12-03 23:10:47,342 basehttp 124 "GET /home/banners/ HTTP/1.1" 200 6404
WARNING 2020-12-03 23:10:52,698 base 91 Not Found: /home
WARNING 2020-12-03 23:10:52,698 basehttp 124 "GET /home HTTP/1.1" 404 2190
INFO 2020-12-03 23:11:00,187 basehttp 124 "GET /home/banners/ HTTP/1.1" 200 6404
WARNING 2020-12-03 23:11:05,664 base 91 Not Found: /home/
WARNING 2020-12-03 23:11:05,665 basehttp 124 "GET /home/ HTTP/1.1" 404 2248
INFO 2020-12-03 23:11:11,316 basehttp 124 "GET /home/banners/ HTTP/1.1" 200 369
INFO 2020-12-03 23:11:11,327 basehttp 124 "GET /media/banner/04.png HTTP/1.1" 304 0
INFO 2020-12-03 23:11:11,327 basehttp 124 "GET /media/banner/03.png HTTP/1.1" 304 0
INFO 2020-12-03 23:11:11,330 basehttp 124 "GET /media/banner/02.png HTTP/1.1" 304 0
INFO 2020-12-03 23:11:11,330 basehttp 124 "GET /media/banner/01.png HTTP/1.1" 304 0
INFO 2020-12-03 23:17:27,136 basehttp 124 "GET /home/banners/ HTTP/1.1" 200 369
INFO 2020-12-03 23:19:15,772 basehttp 124 "GET /home/banners/ HTTP/1.1" 200 369
INFO 2020-12-03 23:19:15,786 basehttp 124 "GET /media/banner/04.png HTTP/1.1" 304 0
INFO 2020-12-03 23:19:15,787 basehttp 124 "GET /media/banner/03.png HTTP/1.1" 304 0
INFO 2020-12-03 23:19:15,787 basehttp 124 "GET /media/banner/02.png HTTP/1.1" 304 0
INFO 2020-12-03 23:19:15,788 basehttp 124 "GET /media/banner/01.png HTTP/1.1" 304 0
INFO 2020-12-03 23:21:54,080 basehttp 124 "GET /home/banners/ HTTP/1.1" 200 369
INFO 2020-12-03 23:24:23,675 basehttp 124 "GET /home/banners/ HTTP/1.1" 200 369
ERROR 2020-12-03 23:27:45,590 exception 72 Invalid HTTP_HOST header: '127.0.0.1:8000'. You may need to add '127.0.0.1' to ALLOWED_HOSTS.
WARNING 2020-12-03 23:27:45,611 basehttp 124 "GET / HTTP/1.1" 400 69491
ERROR 2020-12-03 23:27:56,758 exception 72 Invalid HTTP_HOST header: '127.0.0.1:8000'. You may need to add '127.0.0.1' to ALLOWED_HOSTS.
WARNING 2020-12-03 23:27:56,775 basehttp 124 "GET /admin/ HTTP/1.1" 400 69558
INFO 2020-12-03 23:28:13,886 basehttp 124 "GET /home/banners/ HTTP/1.1" 200 6404
INFO 2020-12-03 23:28:25,835 basehttp 124 "GET /admin/ HTTP/1.1" 200 14766
INFO 2020-12-03 23:28:25,855 basehttp 124 "GET /static/xadmin/vendor/bootstrap/css/bootstrap.css HTTP/1.1" 304 0
INFO 2020-12-03 23:28:25,863 basehttp 124 "GET /static/xadmin/vendor/font-awesome/css/font-awesome.css HTTP/1.1" 304 0
INFO 2020-12-03 23:28:25,864 basehttp 124 "GET /static/xadmin/css/xadmin.plugins.css HTTP/1.1" 304 0
INFO 2020-12-03 23:28:25,864 basehttp 124 "GET /static/xadmin/css/xadmin.responsive.css HTTP/1.1" 304 0
INFO 2020-12-03 23:28:25,864 basehttp 124 "GET /static/xadmin/css/themes/bootstrap-xadmin.css HTTP/1.1" 304 0
INFO 2020-12-03 23:28:25,865 basehttp 124 "GET /static/xadmin/css/xadmin.page.dashboard.css HTTP/1.1" 304 0
INFO 2020-12-03 23:28:25,865 basehttp 124 "GET /static/xadmin/css/xadmin.main.css HTTP/1.1" 304 0
INFO 2020-12-03 23:28:25,874 basehttp 124 "GET /static/xadmin/vendor/jquery-ui/jquery.ui.effect.js HTTP/1.1" 304 0
INFO 2020-12-03 23:28:25,874 basehttp 124 "GET /static/xadmin/vendor/jquery-ui/jquery.ui.sortable.js HTTP/1.1" 304 0
INFO 2020-12-03 23:28:25,874 basehttp 124 "GET /static/xadmin/vendor/bootstrap/js/bootstrap.js HTTP/1.1" 304 0
INFO 2020-12-03 23:28:25,874 basehttp 124 "GET /static/xadmin/js/xadmin.main.js HTTP/1.1" 304 0
INFO 2020-12-03 23:28:25,874 basehttp 124 "GET /static/xadmin/js/xadmin.plugin.themes.js HTTP/1.1" 304 0
INFO 2020-12-03 23:28:25,874 basehttp 124 "GET /static/xadmin/js/xadmin.responsive.js HTTP/1.1" 304 0
INFO 2020-12-03 23:28:25,882 basehttp 124 "GET /static/xadmin/vendor/jquery-ui/jquery.ui.widget.js HTTP/1.1" 304 0
INFO 2020-12-03 23:28:25,882 basehttp 124 "GET /static/xadmin/js/xadmin.plugin.portal.js HTTP/1.1" 304 0
INFO 2020-12-03 23:28:25,882 basehttp 124 "GET /static/xadmin/js/xadmin.page.dashboard.js HTTP/1.1" 304 0
INFO 2020-12-03 23:28:25,882 basehttp 124 "GET /static/xadmin/vendor/jquery-ui/jquery.ui.core.js HTTP/1.1" 304 0
INFO 2020-12-03 23:28:25,883 basehttp 124 "GET /static/xadmin/vendor/jquery/jquery.js HTTP/1.1" 304 0
INFO 2020-12-03 23:28:25,886 basehttp 124 "GET /admin/jsi18n/ HTTP/1.1" 200 3185
INFO 2020-12-03 23:28:25,886 basehttp 124 "GET /static/xadmin/vendor/jquery-ui/jquery.ui.mouse.js HTTP/1.1" 304 0
INFO 2020-12-03 23:28:25,951 basehttp 124 "GET /static/xadmin/vendor/font-awesome/fonts/fontawesome-webfont.woff?v=4.0.3 HTTP/1.1" 304 0
INFO 2020-12-03 23:28:28,946 basehttp 124 "GET /admin/home/nav/ HTTP/1.1" 200 24761
INFO 2020-12-03 23:28:28,964 basehttp 124 "GET /static/xadmin/css/xadmin.form.css HTTP/1.1" 304 0
INFO 2020-12-03 23:28:28,968 basehttp 124 "GET /static/xadmin/js/xadmin.plugin.details.js HTTP/1.1" 304 0
INFO 2020-12-03 23:28:28,970 basehttp 124 "GET /static/xadmin/js/xadmin.plugin.filters.js HTTP/1.1" 304 0
INFO 2020-12-03 23:28:28,971 basehttp 124 "GET /static/xadmin/js/xadmin.plugin.bookmark.js HTTP/1.1" 304 0
INFO 2020-12-03 23:28:28,973 basehttp 124 "GET /static/xadmin/js/xadmin.page.list.js HTTP/1.1" 304 0
INFO 2020-12-03 23:28:28,974 basehttp 124 "GET /static/xadmin/js/xadmin.page.form.js HTTP/1.1" 304 0
INFO 2020-12-03 23:28:28,974 basehttp 124 "GET /admin/jsi18n/ HTTP/1.1" 200 3185
INFO 2020-12-03 23:28:30,779 basehttp 124 "GET /admin/home/nav/add/ HTTP/1.1" 200 19155
INFO 2020-12-03 23:28:30,797 basehttp 124 "GET /static/xadmin/vendor/select2/select2.css HTTP/1.1" 304 0
INFO 2020-12-03 23:28:30,798 basehttp 124 "GET /static/xadmin/vendor/selectize/selectize.bootstrap3.css HTTP/1.1" 304 0
INFO 2020-12-03 23:28:30,799 basehttp 124 "GET /static/xadmin/vendor/selectize/selectize.css HTTP/1.1" 304 0
INFO 2020-12-03 23:28:30,802 basehttp 124 "GET /static/xadmin/vendor/selectize/selectize.js HTTP/1.1" 304 0
INFO 2020-12-03 23:28:30,803 basehttp 124 "GET /static/xadmin/vendor/select2/select2.js HTTP/1.1" 304 0
INFO 2020-12-03 23:28:30,806 basehttp 124 "GET /static/xadmin/js/xadmin.widget.select.js HTTP/1.1" 304 0
WARNING 2020-12-03 23:28:30,806 basehttp 124 "GET /static/xadmin/vendor/select2/select2_locale_en-us.js HTTP/1.1" 404 1767
INFO 2020-12-03 23:28:30,807 basehttp 124 "GET /admin/jsi18n/ HTTP/1.1" 200 3185
WARNING 2020-12-03 23:28:30,829 basehttp 124 "GET /static/xadmin/vendor/select2/select2_locale_en-us.js HTTP/1.1" 404 1767
INFO 2020-12-03 23:30:13,729 basehttp 124 "POST /admin/home/nav/add/ HTTP/1.1" 302 0
INFO 2020-12-03 23:30:13,779 basehttp 124 "GET /admin/home/nav/add/ HTTP/1.1" 200 19492
WARNING 2020-12-03 23:30:13,797 basehttp 124 "GET /static/xadmin/vendor/select2/select2_locale_en-us.js HTTP/1.1" 404 1767
INFO 2020-12-03 23:30:13,799 basehttp 124 "GET /admin/jsi18n/ HTTP/1.1" 200 3185
WARNING 2020-12-03 23:30:13,821 basehttp 124 "GET /static/xadmin/vendor/select2/select2_locale_en-us.js HTTP/1.1" 404 1767
INFO 2020-12-03 23:30:17,233 basehttp 124 "GET /admin/home/banner/ HTTP/1.1" 200 29810
INFO 2020-12-03 23:30:17,249 basehttp 124 "GET /static/xadmin/js/xadmin.plugin.actions.js HTTP/1.1" 304 0
INFO 2020-12-03 23:30:17,252 basehttp 124 "GET /admin/jsi18n/ HTTP/1.1" 200 3185
INFO 2020-12-03 23:30:17,738 basehttp 124 "GET /admin/home/nav/ HTTP/1.1" 200 28483
INFO 2020-12-03 23:30:17,756 basehttp 124 "GET /admin/jsi18n/ HTTP/1.1" 200 3185
INFO 2020-12-03 23:30:20,639 basehttp 124 "GET /admin/home/nav/1/update/ HTTP/1.1" 200 19466
WARNING 2020-12-03 23:30:20,659 basehttp 124 "GET /static/xadmin/vendor/select2/select2_locale_en-us.js HTTP/1.1" 404 1767
INFO 2020-12-03 23:30:20,663 basehttp 124 "GET /admin/jsi18n/ HTTP/1.1" 200 3185
WARNING 2020-12-03 23:30:20,681 basehttp 124 "GET /static/xadmin/vendor/select2/select2_locale_en-us.js HTTP/1.1" 404 1767
INFO 2020-12-03 23:30:23,048 basehttp 124 "GET /admin/home/banner/ HTTP/1.1" 200 29810
INFO 2020-12-03 23:30:23,066 basehttp 124 "GET /admin/jsi18n/ HTTP/1.1" 200 3185
INFO 2020-12-03 23:30:23,485 basehttp 124 "GET /admin/home/nav/ HTTP/1.1" 200 28483
INFO 2020-12-03 23:30:23,503 basehttp 124 "GET /admin/jsi18n/ HTTP/1.1" 200 3185
INFO 2020-12-03 23:30:29,285 basehttp 124 "GET /admin/home/nav/add/ HTTP/1.1" 200 19155
WARNING 2020-12-03 23:30:29,327 basehttp 124 "GET /static/xadmin/vendor/select2/select2_locale_en-us.js HTTP/1.1" 404 1767
INFO 2020-12-03 23:30:29,329 basehttp 124 "GET /admin/jsi18n/ HTTP/1.1" 200 3185
WARNING 2020-12-03 23:30:29,347 basehttp 124 "GET /static/xadmin/vendor/select2/select2_locale_en-us.js HTTP/1.1" 404 1767
INFO 2020-12-03 23:31:02,304 basehttp 124 "POST /admin/home/nav/add/ HTTP/1.1" 302 0
INFO 2020-12-03 23:31:02,346 basehttp 124 "GET /admin/home/nav/ HTTP/1.1" 200 29380
INFO 2020-12-03 23:31:02,365 basehttp 124 "GET /admin/jsi18n/ HTTP/1.1" 200 3185
WARNING 2020-12-03 23:31:13,688 base 91 Not Found: /
WARNING 2020-12-03 23:31:13,688 basehttp 124 "GET / HTTP/1.1" 404 2160
WARNING 2020-12-03 23:31:13,909 base 91 Not Found: /
WARNING 2020-12-03 23:31:13,910 basehttp 124 "GET / HTTP/1.1" 404 2160
WARNING 2020-12-03 23:31:14,088 base 91 Not Found: /
WARNING 2020-12-03 23:31:14,089 basehttp 124 "GET / HTTP/1.1" 404 2160
WARNING 2020-12-03 23:31:14,251 base 91 Not Found: /
WARNING 2020-12-03 23:31:14,251 basehttp 124 "GET / HTTP/1.1" 404 2160
WARNING 2020-12-03 23:31:14,419 base 91 Not Found: /
WARNING 2020-12-03 23:31:14,420 basehttp 124 "GET / HTTP/1.1" 404 2160
WARNING 2020-12-03 23:31:14,584 base 91 Not Found: /
WARNING 2020-12-03 23:31:14,584 basehttp 124 "GET / HTTP/1.1" 404 2160
WARNING 2020-12-03 23:31:14,758 base 91 Not Found: /
WARNING 2020-12-03 23:31:14,759 basehttp 124 "GET / HTTP/1.1" 404 2160
WARNING 2020-12-03 23:31:14,971 base 91 Not Found: /
WARNING 2020-12-03 23:31:14,971 basehttp 124 "GET / HTTP/1.1" 404 2160
WARNING 2020-12-03 23:31:26,243 base 91 Not Found: /
WARNING 2020-12-03 23:31:26,243 basehttp 124 "GET / HTTP/1.1" 404 2160
WARNING 2020-12-03 23:31:39,087 base 91 Not Found: /home/
WARNING 2020-12-03 23:31:39,087 basehttp 124 "GET /home/ HTTP/1.1" 404 2248
INFO 2020-12-03 23:31:47,681 basehttp 124 "GET /home/banners/ HTTP/1.1" 200 6404
WARNING 2020-12-03 23:32:05,389 base 91 Not Found: /home/
WARNING 2020-12-03 23:32:05,389 basehttp 124 "GET /home/ HTTP/1.1" 404 2248
INFO 2020-12-03 23:32:10,444 basehttp 124 "GET /home/banners/ HTTP/1.1" 200 6404
WARNING 2020-12-04 00:01:39,691 base 91 Not Found: /home/nav/
WARNING 2020-12-04 00:01:39,692 basehttp 124 "GET /home/nav/ HTTP/1.1" 404 2260
WARNING 2020-12-04 00:02:45,400 base 91 Not Found: /home/nav/
WARNING 2020-12-04 00:02:45,400 basehttp 124 "GET /home/nav/ HTTP/1.1" 404 2260
WARNING 2020-12-04 00:03:18,471 base 91 Not Found: /home/nav/
WARNING 2020-12-04 00:03:18,471 basehttp 124 "GET /home/nav/ HTTP/1.1" 404 2260
INFO 2020-12-04 00:14:48,647 basehttp 124 "GET /home/banners/ HTTP/1.1" 200 6404
INFO 2020-12-04 00:14:57,987 basehttp 124 "GET /home/nav HTTP/1.1" 301 0
INFO 2020-12-04 00:14:58,001 basehttp 124 "GET /home/nav/ HTTP/1.1" 200 5522
INFO 2020-12-04 00:15:28,372 basehttp 124 "GET /admin/home/nav/ HTTP/1.1" 200 29074
INFO 2020-12-04 00:15:28,392 basehttp 124 "GET /static/xadmin/vendor/bootstrap/css/bootstrap.css HTTP/1.1" 304 0
INFO 2020-12-04 00:15:28,393 basehttp 124 "GET /static/xadmin/css/themes/bootstrap-xadmin.css HTTP/1.1" 304 0
INFO 2020-12-04 00:15:28,394 basehttp 124 "GET /static/xadmin/vendor/font-awesome/css/font-awesome.css HTTP/1.1" 304 0
INFO 2020-12-04 00:15:28,396 basehttp 124 "GET /static/xadmin/css/xadmin.main.css HTTP/1.1" 304 0
INFO 2020-12-04 00:15:28,401 basehttp 124 "GET /static/xadmin/css/xadmin.plugins.css HTTP/1.1" 304 0
INFO 2020-12-04 00:15:28,401 basehttp 124 "GET /static/xadmin/css/xadmin.responsive.css HTTP/1.1" 304 0
INFO 2020-12-04 00:15:28,401 basehttp 124 "GET /static/xadmin/css/xadmin.form.css HTTP/1.1" 304 0
INFO 2020-12-04 00:15:28,403 basehttp 124 "GET /static/xadmin/vendor/jquery-ui/jquery.ui.core.js HTTP/1.1" 304 0
INFO 2020-12-04 00:15:28,404 basehttp 124 "GET /static/xadmin/vendor/jquery/jquery.js HTTP/1.1" 304 0
INFO 2020-12-04 00:15:28,406 basehttp 124 "GET /static/xadmin/js/xadmin.main.js HTTP/1.1" 304 0
INFO 2020-12-04 00:15:28,407 basehttp 124 "GET /static/xadmin/vendor/bootstrap/js/bootstrap.js HTTP/1.1" 304 0
INFO 2020-12-04 00:15:28,410 basehttp 124 "GET /static/xadmin/vendor/jquery-ui/jquery.ui.effect.js HTTP/1.1" 304 0
INFO 2020-12-04 00:15:28,410 basehttp 124 "GET /static/xadmin/js/xadmin.plugin.details.js HTTP/1.1" 304 0
INFO 2020-12-04 00:15:28,412 basehttp 124 "GET /static/xadmin/js/xadmin.plugin.bookmark.js HTTP/1.1" 304 0
INFO 2020-12-04 00:15:28,412 basehttp 124 "GET /admin/jsi18n/ HTTP/1.1" 200 3185
INFO 2020-12-04 00:15:28,413 basehttp 124 "GET /static/xadmin/js/xadmin.page.list.js HTTP/1.1" 304 0
INFO 2020-12-04 00:15:28,414 basehttp 124 "GET /static/xadmin/js/xadmin.page.form.js HTTP/1.1" 304 0
INFO 2020-12-04 00:15:28,416 basehttp 124 "GET /static/xadmin/vendor/jquery-ui/jquery.ui.sortable.js HTTP/1.1" 304 0
INFO 2020-12-04 00:15:28,417 basehttp 124 "GET /static/xadmin/vendor/jquery-ui/jquery.ui.widget.js HTTP/1.1" 304 0
INFO 2020-12-04 00:15:28,417 basehttp 124 "GET /static/xadmin/js/xadmin.plugin.themes.js HTTP/1.1" 304 0
INFO 2020-12-04 00:15:28,419 basehttp 124 "GET /static/xadmin/js/xadmin.responsive.js HTTP/1.1" 304 0
INFO 2020-12-04 00:15:28,420 basehttp 124 "GET /static/xadmin/js/xadmin.plugin.filters.js HTTP/1.1" 304 0
INFO 2020-12-04 00:15:28,420 basehttp 124 "GET /static/xadmin/vendor/jquery-ui/jquery.ui.mouse.js HTTP/1.1" 304 0
INFO 2020-12-04 00:15:28,420 basehttp 124 "GET /static/xadmin/js/xadmin.plugin.actions.js HTTP/1.1" 304 0
INFO 2020-12-04 00:15:28,422 basehttp 124 "GET /static/xadmin/vendor/font-awesome/fonts/fontawesome-webfont.woff?v=4.0.3 HTTP/1.1" 304 0
INFO 2020-12-04 00:15:54,117 basehttp 124 "GET /admin/home/nav/add/ HTTP/1.1" 200 19155
INFO 2020-12-04 00:15:54,159 basehttp 124 "GET /static/xadmin/vendor/select2/select2.css HTTP/1.1" 304 0
INFO 2020-12-04 00:15:54,164 basehttp 124 "GET /static/xadmin/vendor/selectize/selectize.js HTTP/1.1" 304 0
INFO 2020-12-04 00:15:54,164 basehttp 124 "GET /static/xadmin/vendor/selectize/selectize.css HTTP/1.1" 304 0
INFO 2020-12-04 00:15:54,164 basehttp 124 "GET /static/xadmin/js/xadmin.plugin.portal.js HTTP/1.1" 304 0
INFO 2020-12-04 00:15:54,165 basehttp 124 "GET /static/xadmin/vendor/selectize/selectize.bootstrap3.css HTTP/1.1" 304 0
INFO 2020-12-04 00:15:54,165 basehttp 124 "GET /static/xadmin/vendor/select2/select2.js HTTP/1.1" 304 0
INFO 2020-12-04 00:15:54,171 basehttp 124 "GET /static/xadmin/js/xadmin.widget.select.js HTTP/1.1" 304 0
WARNING 2020-12-04 00:15:54,171 basehttp 124 "GET /static/xadmin/vendor/select2/select2_locale_en-us.js HTTP/1.1" 404 1767
INFO 2020-12-04 00:15:54,171 basehttp 124 "GET /admin/jsi18n/ HTTP/1.1" 200 3185
WARNING 2020-12-04 00:15:54,190 basehttp 124 "GET /static/xadmin/vendor/select2/select2_locale_en-us.js HTTP/1.1" 404 1767
INFO 2020-12-04 00:17:17,700 basehttp 124 "POST /admin/home/nav/add/ HTTP/1.1" 302 0
INFO 2020-12-04 00:17:17,749 basehttp 124 "GET /admin/home/nav/add/ HTTP/1.1" 200 19495
WARNING 2020-12-04 00:17:17,791 basehttp 124 "GET /static/xadmin/vendor/select2/select2_locale_en-us.js HTTP/1.1" 404 1767
INFO 2020-12-04 00:17:17,795 basehttp 124 "GET /admin/jsi18n/ HTTP/1.1" 200 3185
WARNING 2020-12-04 00:17:17,813 basehttp 124 "GET /static/xadmin/vendor/select2/select2_locale_en-us.js HTTP/1.1" 404 1767
INFO 2020-12-04 00:17:19,881 basehttp 124 "GET /admin/home/nav/ HTTP/1.1" 200 29658
INFO 2020-12-04 00:17:19,901 basehttp 124 "GET /admin/jsi18n/ HTTP/1.1" 200 3185
INFO 2020-12-04 00:17:25,463 basehttp 124 "GET /admin/home/nav/add/ HTTP/1.1" 200 19155
WARNING 2020-12-04 00:17:25,481 basehttp 124 "GET /static/xadmin/vendor/select2/select2_locale_en-us.js HTTP/1.1" 404 1767
INFO 2020-12-04 00:17:25,485 basehttp 124 "GET /admin/jsi18n/ HTTP/1.1" 200 3185
WARNING 2020-12-04 00:17:25,499 basehttp 124 "GET /static/xadmin/vendor/select2/select2_locale_en-us.js HTTP/1.1" 404 1767
INFO 2020-12-04 00:17:47,378 basehttp 124 "POST /admin/home/nav/add/ HTTP/1.1" 302 0
INFO 2020-12-04 00:17:47,429 basehttp 124 "GET /admin/home/nav/add/ HTTP/1.1" 200 19498
WARNING 2020-12-04 00:17:47,446 basehttp 124 "GET /static/xadmin/vendor/select2/select2_locale_en-us.js HTTP/1.1" 404 1767
INFO 2020-12-04 00:17:47,450 basehttp 124 "GET /admin/jsi18n/ HTTP/1.1" 200 3185
WARNING 2020-12-04 00:17:47,467 basehttp 124 "GET /static/xadmin/vendor/select2/select2_locale_en-us.js HTTP/1.1" 404 1767
INFO 2020-12-04 00:18:07,578 basehttp 124 "POST /admin/home/nav/add/ HTTP/1.1" 302 0
INFO 2020-12-04 00:18:07,623 basehttp 124 "GET /admin/home/nav/ HTTP/1.1" 200 31156
INFO 2020-12-04 00:18:07,642 basehttp 124 "GET /admin/jsi18n/ HTTP/1.1" 200 3185
INFO 2020-12-04 00:19:07,561 basehttp 124 "GET /admin/home/nav/add/ HTTP/1.1" 200 19155
WARNING 2020-12-04 00:19:07,581 basehttp 124 "GET /static/xadmin/vendor/select2/select2_locale_en-us.js HTTP/1.1" 404 1767
INFO 2020-12-04 00:19:07,584 basehttp 124 "GET /admin/jsi18n/ HTTP/1.1" 200 3185
WARNING 2020-12-04 00:19:07,600 basehttp 124 "GET /static/xadmin/vendor/select2/select2_locale_en-us.js HTTP/1.1" 404 1767
INFO 2020-12-04 00:19:41,939 basehttp 124 "POST /admin/home/nav/add/ HTTP/1.1" 302 0
INFO 2020-12-04 00:19:41,988 basehttp 124 "GET /admin/home/nav/add/ HTTP/1.1" 200 19498
WARNING 2020-12-04 00:19:42,007 basehttp 124 "GET /static/xadmin/vendor/select2/select2_locale_en-us.js HTTP/1.1" 404 1767
INFO 2020-12-04 00:19:42,010 basehttp 124 "GET /admin/jsi18n/ HTTP/1.1" 200 3185
WARNING 2020-12-04 00:19:42,025 basehttp 124 "GET /static/xadmin/vendor/select2/select2_locale_en-us.js HTTP/1.1" 404 1767
INFO 2020-12-04 00:19:58,171 basehttp 124 "POST /admin/home/nav/add/ HTTP/1.1" 302 0
INFO 2020-12-04 00:19:58,217 basehttp 124 "GET /admin/home/nav/ HTTP/1.1" 200 32321
INFO 2020-12-04 00:19:58,237 basehttp 124 "GET /admin/jsi18n/ HTTP/1.1" 200 3185
INFO 2020-12-04 00:19:59,626 basehttp 124 "GET /admin/home/nav/6/update/ HTTP/1.1" 200 19495
WARNING 2020-12-04 00:19:59,645 basehttp 124 "GET /static/xadmin/vendor/select2/select2_locale_en-us.js HTTP/1.1" 404 1767
INFO 2020-12-04 00:19:59,647 basehttp 124 "GET /admin/jsi18n/ HTTP/1.1" 200 3185
WARNING 2020-12-04 00:19:59,662 basehttp 124 "GET /static/xadmin/vendor/select2/select2_locale_en-us.js HTTP/1.1" 404 1767
INFO 2020-12-04 00:20:10,740 basehttp 124 "GET /admin/home/banner/ HTTP/1.1" 200 29810
INFO 2020-12-04 00:20:10,784 basehttp 124 "GET /admin/jsi18n/ HTTP/1.1" 200 3185
INFO 2020-12-04 00:20:13,956 basehttp 124 "GET /admin/home/nav/ HTTP/1.1" 200 32015
INFO 2020-12-04 00:20:13,975 basehttp 124 "GET /admin/jsi18n/ HTTP/1.1" 200 3185
INFO 2020-12-04 00:20:22,857 basehttp 124 "GET /admin/home/nav/add/ HTTP/1.1" 200 19155
WARNING 2020-12-04 00:20:22,877 basehttp 124 "GET /static/xadmin/vendor/select2/select2_locale_en-us.js HTTP/1.1" 404 1767
INFO 2020-12-04 00:20:22,881 basehttp 124 "GET /admin/jsi18n/ HTTP/1.1" 200 3185
WARNING 2020-12-04 00:20:22,896 basehttp 124 "GET /static/xadmin/vendor/select2/select2_locale_en-us.js HTTP/1.1" 404 1767
INFO 2020-12-04 00:20:47,314 basehttp 124 "POST /admin/home/nav/add/ HTTP/1.1" 302 0
INFO 2020-12-04 00:20:47,362 basehttp 124 "GET /admin/home/nav/ HTTP/1.1" 200 32908
INFO 2020-12-04 00:20:47,383 basehttp 124 "GET /admin/jsi18n/ HTTP/1.1" 200 3185
INFO 2020-12-04 00:20:48,629 basehttp 124 "GET /admin/home/nav/7/update/ HTTP/1.1" 200 19495
WARNING 2020-12-04 00:20:48,647 basehttp 124 "GET /static/xadmin/vendor/select2/select2_locale_en-us.js HTTP/1.1" 404 1767
INFO 2020-12-04 00:20:48,651 basehttp 124 "GET /admin/jsi18n/ HTTP/1.1" 200 3185
WARNING 2020-12-04 00:20:48,667 basehttp 124 "GET /static/xadmin/vendor/select2/select2_locale_en-us.js HTTP/1.1" 404 1767
INFO 2020-12-04 00:20:58,180 basehttp 124 "POST /admin/home/nav/7/update/ HTTP/1.1" 302 0
INFO 2020-12-04 00:20:58,227 basehttp 124 "GET /admin/home/nav/ HTTP/1.1" 200 32851
INFO 2020-12-04 00:20:58,247 basehttp 124 "GET /admin/jsi18n/ HTTP/1.1" 200 3185
INFO 2020-12-04 00:21:02,946 basehttp 124 "GET /admin/home/nav/8/update/ HTTP/1.1" 200 19490
WARNING 2020-12-04 00:21:02,964 basehttp 124 "GET /static/xadmin/vendor/select2/select2_locale_en-us.js HTTP/1.1" 404 1767
INFO 2020-12-04 00:21:02,968 basehttp 124 "GET /admin/jsi18n/ HTTP/1.1" 200 3185
WARNING 2020-12-04 00:21:02,983 basehttp 124 "GET /static/xadmin/vendor/select2/select2_locale_en-us.js HTTP/1.1" 404 1767
INFO 2020-12-04 00:21:07,661 basehttp 124 "GET /admin/home/nav/ HTTP/1.1" 200 32602
INFO 2020-12-04 00:21:09,265 basehttp 124 "GET /admin/home/nav/add/ HTTP/1.1" 200 19155
WARNING 2020-12-04 00:21:09,284 basehttp 124 "GET /static/xadmin/vendor/select2/select2_locale_en-us.js HTTP/1.1" 404 1767
INFO 2020-12-04 00:21:09,287 basehttp 124 "GET /admin/jsi18n/ HTTP/1.1" 200 3185
WARNING 2020-12-04 00:21:09,301 basehttp 124 "GET /static/xadmin/vendor/select2/select2_locale_en-us.js HTTP/1.1" 404 1767
INFO 2020-12-04 00:21:26,459 basehttp 124 "POST /admin/home/nav/add/ HTTP/1.1" 302 0
INFO 2020-12-04 00:21:26,505 basehttp 124 "GET /admin/home/nav/add/ HTTP/1.1" 200 19498
WARNING 2020-12-04 00:21:26,547 basehttp 124 "GET /static/xadmin/vendor/select2/select2_locale_en-us.js HTTP/1.1" 404 1767
INFO 2020-12-04 00:21:26,550 basehttp 124 "GET /admin/jsi18n/ HTTP/1.1" 200 3185
WARNING 2020-12-04 00:21:26,566 basehttp 124 "GET /static/xadmin/vendor/select2/select2_locale_en-us.js HTTP/1.1" 404 1767
INFO 2020-12-04 00:21:49,939 basehttp 124 "POST /admin/home/nav/add/ HTTP/1.1" 302 0
INFO 2020-12-04 00:21:49,988 basehttp 124 "GET /admin/home/nav/add/ HTTP/1.1" 200 19499
WARNING 2020-12-04 00:21:50,006 basehttp 124 "GET /static/xadmin/vendor/select2/select2_locale_en-us.js HTTP/1.1" 404 1767
INFO 2020-12-04 00:21:50,010 basehttp 124 "GET /admin/jsi18n/ HTTP/1.1" 200 3185
WARNING 2020-12-04 00:21:50,026 basehttp 124 "GET /static/xadmin/vendor/select2/select2_locale_en-us.js HTTP/1.1" 404 1767
INFO 2020-12-04 00:22:16,842 basehttp 124 "POST /admin/home/nav/add/ HTTP/1.1" 302 0
INFO 2020-12-04 00:22:16,891 basehttp 124 "GET /admin/home/nav/ HTTP/1.1" 200 34679
INFO 2020-12-04 00:22:17,317 basehttp 124 "GET /admin/jsi18n/ HTTP/1.1" 200 3185
INFO 2020-12-04 00:23:14,607 basehttp 124 "GET /home/nav/ HTTP/1.1" 200 7145
INFO 2020-12-04 00:23:35,778 basehttp 124 "GET /home/nav/ HTTP/1.1" 200 7145
INFO 2020-12-04 00:23:50,333 basehttp 124 "GET /admin/home/nav/ HTTP/1.1" 200 34372
INFO 2020-12-04 00:23:50,351 basehttp 124 "GET /admin/jsi18n/ HTTP/1.1" 200 3185
WARNING 2020-12-04 00:24:26,403 base 91 Not Found: /
WARNING 2020-12-04 00:24:26,404 basehttp 124 "GET / HTTP/1.1" 404 2160
WARNING 2020-12-04 00:24:26,633 base 91 Not Found: /
WARNING 2020-12-04 00:24:26,633 basehttp 124 "GET / HTTP/1.1" 404 2160
WARNING 2020-12-04 00:24:26,802 base 91 Not Found: /
WARNING 2020-12-04 00:24:26,802 basehttp 124 "GET / HTTP/1.1" 404 2160
WARNING 2020-12-04 00:24:26,967 base 91 Not Found: /
WARNING 2020-12-04 00:24:26,967 basehttp 124 "GET / HTTP/1.1" 404 2160
WARNING 2020-12-04 00:24:27,115 base 91 Not Found: /
WARNING 2020-12-04 00:24:27,115 basehttp 124 "GET / HTTP/1.1" 404 2160
INFO 2020-12-04 00:24:33,627 basehttp 124 "GET /admin/ HTTP/1.1" 200 14766
INFO 2020-12-04 00:24:33,649 basehttp 124 "GET /static/xadmin/css/xadmin.page.dashboard.css HTTP/1.1" 304 0
INFO 2020-12-04 00:24:33,650 basehttp 124 "GET /static/xadmin/js/xadmin.page.dashboard.js HTTP/1.1" 304 0
INFO 2020-12-04 00:24:33,653 basehttp 124 "GET /admin/jsi18n/ HTTP/1.1" 200 3185
INFO 2020-12-04 00:24:37,032 basehttp 124 "GET /admin/home/nav/ HTTP/1.1" 200 34372
INFO 2020-12-04 00:24:37,052 basehttp 124 "GET /admin/jsi18n/ HTTP/1.1" 200 3185
WARNING 2020-12-04 00:24:44,710 base 91 Not Found: /
WARNING 2020-12-04 00:24:44,711 basehttp 124 "GET / HTTP/1.1" 404 2160
INFO 2020-12-04 00:25:28,164 basehttp 124 "GET /home/nav/ HTTP/1.1" 200 630
INFO 2020-12-04 00:25:28,168 basehttp 124 "GET /home/banners/ HTTP/1.1" 200 369
INFO 2020-12-04 00:25:28,171 basehttp 124 "GET /home/nav/ HTTP/1.1" 200 630
INFO 2020-12-04 00:25:28,184 basehttp 124 "GET /media/banner/01.png HTTP/1.1" 304 0
INFO 2020-12-04 00:25:28,187 basehttp 124 "GET /media/banner/02.png HTTP/1.1" 304 0
INFO 2020-12-04 00:25:28,189 basehttp 124 "GET /media/banner/03.png HTTP/1.1" 304 0
INFO 2020-12-04 00:25:28,190 basehttp 124 "GET /media/banner/04.png HTTP/1.1" 304 0
INFO 2020-12-04 00:37:14,621 basehttp 124 "GET /home/nav/ HTTP/1.1" 200 806
INFO 2020-12-04 00:37:14,623 basehttp 124 "GET /home/banners/ HTTP/1.1" 200 369
INFO 2020-12-04 00:37:14,629 basehttp 124 "GET /home/nav/ HTTP/1.1" 200 806
INFO 2020-12-04 00:37:37,692 basehttp 124 "GET /home/nav/ HTTP/1.1" 200 806
INFO 2020-12-04 00:37:37,697 basehttp 124 "GET /home/banners/ HTTP/1.1" 200 369
INFO 2020-12-04 00:37:37,700 basehttp 124 "GET /home/nav/ HTTP/1.1" 200 806
INFO 2020-12-04 00:37:46,552 basehttp 124 "GET /home/nav/ HTTP/1.1" 200 806
INFO 2020-12-04 00:37:46,554 basehttp 124 "GET /home/banners/ HTTP/1.1" 200 369
INFO 2020-12-04 00:37:46,559 basehttp 124 "GET /home/nav/ HTTP/1.1" 200 806
INFO 2020-12-04 00:38:51,060 basehttp 124 "GET /home/nav/ HTTP/1.1" 200 806
INFO 2020-12-04 00:38:51,060 basehttp 124 "GET /home/banners/ HTTP/1.1" 200 369
INFO 2020-12-04 00:38:51,067 basehttp 124 "GET /home/nav/ HTTP/1.1" 200 806
INFO 2020-12-04 00:40:00,196 basehttp 124 "GET /admin/home/nav/ HTTP/1.1" 200 34372
INFO 2020-12-04 00:40:00,240 basehttp 124 "GET /admin/jsi18n/ HTTP/1.1" 200 3185
INFO 2020-12-04 00:40:08,397 basehttp 124 "GET /admin/home/banner/ HTTP/1.1" 200 29810
INFO 2020-12-04 00:40:08,416 basehttp 124 "GET /admin/jsi18n/ HTTP/1.1" 200 3185
INFO 2020-12-04 00:40:10,253 basehttp 124 "GET /admin/home/banner/4/update/ HTTP/1.1" 200 20281
INFO 2020-12-04 00:40:10,271 basehttp 124 "GET /static/xadmin/vendor/bootstrap-image-gallery/css/bootstrap-image-gallery.css HTTP/1.1" 304 0
INFO 2020-12-04 00:40:10,275 basehttp 124 "GET /admin/jsi18n/ HTTP/1.1" 200 3185
INFO 2020-12-04 00:40:10,275 basehttp 124 "GET /static/xadmin/vendor/load-image/load-image.js HTTP/1.1" 304 0
INFO 2020-12-04 00:40:10,280 basehttp 124 "GET /media/banner/04.png HTTP/1.1" 304 0
INFO 2020-12-04 00:40:10,280 basehttp 124 "GET /static/xadmin/vendor/bootstrap-image-gallery/js/bootstrap-image-gallery.js HTTP/1.1" 304 0
INFO 2020-12-04 00:40:31,375 basehttp 124 "GET /admin/home/banner/4/delete/ HTTP/1.1" 200 15079
INFO 2020-12-04 00:40:31,394 basehttp 124 "GET /admin/jsi18n/ HTTP/1.1" 200 3185
INFO 2020-12-04 00:40:33,155 basehttp 124 "POST /admin/home/banner/4/delete/ HTTP/1.1" 302 0
INFO 2020-12-04 00:40:33,197 basehttp 124 "GET /admin/home/banner/ HTTP/1.1" 200 29469
INFO 2020-12-04 00:40:33,218 basehttp 124 "GET /admin/jsi18n/ HTTP/1.1" 200 3185
INFO 2020-12-04 00:40:36,440 basehttp 124 "GET /admin/home/banner/ HTTP/1.1" 200 29225
INFO 2020-12-04 00:40:36,457 basehttp 124 "GET /admin/jsi18n/ HTTP/1.1" 200 3185
INFO 2020-12-04 00:40:38,205 basehttp 124 "GET /admin/home/nav/ HTTP/1.1" 200 34372
INFO 2020-12-04 00:40:38,222 basehttp 124 "GET /admin/jsi18n/ HTTP/1.1" 200 3185
INFO 2020-12-04 00:40:39,997 basehttp 124 "GET /admin/home/nav/ HTTP/1.1" 200 34372
INFO 2020-12-04 00:40:40,013 basehttp 124 "GET /admin/jsi18n/ HTTP/1.1" 200 3185
INFO 2020-12-04 00:40:42,914 basehttp 124 "GET /admin/home/nav/7/update/ HTTP/1.1" 200 19491
WARNING 2020-12-04 00:40:42,933 basehttp 124 "GET /static/xadmin/vendor/select2/select2_locale_en-us.js HTTP/1.1" 404 1767
INFO 2020-12-04 00:40:42,936 basehttp 124 "GET /admin/jsi18n/ HTTP/1.1" 200 3185
WARNING 2020-12-04 00:40:42,954 basehttp 124 "GET /static/xadmin/vendor/select2/select2_locale_en-us.js HTTP/1.1" 404 1767
INFO 2020-12-04 00:40:47,340 basehttp 124 "GET /admin/home/nav/ HTTP/1.1" 200 34372
INFO 2020-12-04 00:40:49,136 basehttp 124 "GET /admin/home/nav/8/update/ HTTP/1.1" 200 19490
WARNING 2020-12-04 00:40:49,152 basehttp 124 "GET /static/xadmin/vendor/select2/select2_locale_en-us.js HTTP/1.1" 404 1767
INFO 2020-12-04 00:40:49,155 basehttp 124 "GET /admin/jsi18n/ HTTP/1.1" 200 3185
WARNING 2020-12-04 00:40:49,171 basehttp 124 "GET /static/xadmin/vendor/select2/select2_locale_en-us.js HTTP/1.1" 404 1767
INFO 2020-12-04 00:40:50,446 basehttp 124 "GET /admin/home/nav/ HTTP/1.1" 200 34372
INFO 2020-12-04 00:40:51,329 basehttp 124 "GET /admin/home/nav/ HTTP/1.1" 200 34372
INFO 2020-12-04 00:40:51,345 basehttp 124 "GET /admin/jsi18n/ HTTP/1.1" 200 3185
INFO 2020-12-04 00:40:51,851 basehttp 124 "GET /admin/home/nav/ HTTP/1.1" 200 34372
INFO 2020-12-04 00:40:51,869 basehttp 124 "GET /admin/jsi18n/ HTTP/1.1" 200 3185
INFO 2020-12-04 00:41:24,118 basehttp 124 "GET /home/nav/ HTTP/1.1" 200 806
INFO 2020-12-04 00:41:24,120 basehttp 124 "GET /home/banners/ HTTP/1.1" 200 277
INFO 2020-12-04 00:41:24,125 basehttp 124 "GET /home/nav/ HTTP/1.1" 200 806
INFO 2020-12-04 00:41:24,135 basehttp 124 "GET /media/banner/03.png HTTP/1.1" 304 0
INFO 2020-12-04 00:41:24,136 basehttp 124 "GET /media/banner/01.png HTTP/1.1" 304 0
INFO 2020-12-04 00:41:24,136 basehttp 124 "GET /media/banner/02.png HTTP/1.1" 304 0
INFO 2020-12-04 00:44:05,549 basehttp 124 "GET /admin/home/banner/ HTTP/1.1" 200 29225
INFO 2020-12-04 00:44:05,566 basehttp 124 "GET /static/xadmin/vendor/bootstrap/css/bootstrap.css HTTP/1.1" 304 0
INFO 2020-12-04 00:44:05,569 basehttp 124 "GET /static/xadmin/css/themes/bootstrap-xadmin.css HTTP/1.1" 304 0
INFO 2020-12-04 00:44:05,569 basehttp 124 "GET /static/xadmin/vendor/font-awesome/css/font-awesome.css HTTP/1.1" 304 0
INFO 2020-12-04 00:44:05,576 basehttp 124 "GET /static/xadmin/css/xadmin.responsive.css HTTP/1.1" 304 0
INFO 2020-12-04 00:44:05,576 basehttp 124 "GET /static/xadmin/vendor/jquery/jquery.js HTTP/1.1" 304 0
INFO 2020-12-04 00:44:05,577 basehttp 124 "GET /static/xadmin/css/xadmin.form.css HTTP/1.1" 304 0
INFO 2020-12-04 00:44:05,577 basehttp 124 "GET /static/xadmin/css/xadmin.main.css HTTP/1.1" 304 0
INFO 2020-12-04 00:44:05,577 basehttp 124 "GET /static/xadmin/css/xadmin.plugins.css HTTP/1.1" 304 0
INFO 2020-12-04 00:44:05,583 basehttp 124 "GET /static/xadmin/js/xadmin.main.js HTTP/1.1" 304 0
INFO 2020-12-04 00:44:05,583 basehttp 124 "GET /static/xadmin/vendor/bootstrap/js/bootstrap.js HTTP/1.1" 304 0
INFO 2020-12-04 00:44:05,584 basehttp 124 "GET /static/xadmin/js/xadmin.responsive.js HTTP/1.1" 304 0
INFO 2020-12-04 00:44:05,584 basehttp 124 "GET /static/xadmin/vendor/jquery-ui/jquery.ui.sortable.js HTTP/1.1" 304 0
INFO 2020-12-04 00:44:05,584 basehttp 124 "GET /admin/jsi18n/ HTTP/1.1" 200 3185
INFO 2020-12-04 00:44:05,585 basehttp 124 "GET /static/xadmin/vendor/jquery-ui/jquery.ui.effect.js HTTP/1.1" 304 0
INFO 2020-12-04 00:44:05,589 basehttp 124 "GET /static/xadmin/js/xadmin.plugin.actions.js HTTP/1.1" 304 0
INFO 2020-12-04 00:44:05,589 basehttp 124 "GET /static/xadmin/js/xadmin.page.list.js HTTP/1.1" 304 0
INFO 2020-12-04 00:44:05,589 basehttp 124 "GET /static/xadmin/js/xadmin.page.form.js HTTP/1.1" 304 0
INFO 2020-12-04 00:44:05,590 basehttp 124 "GET /static/xadmin/vendor/jquery-ui/jquery.ui.core.js HTTP/1.1" 304 0
INFO 2020-12-04 00:44:05,590 basehttp 124 "GET /static/xadmin/vendor/jquery-ui/jquery.ui.widget.js HTTP/1.1" 304 0
INFO 2020-12-04 00:44:05,591 basehttp 124 "GET /static/xadmin/vendor/jquery-ui/jquery.ui.mouse.js HTTP/1.1" 304 0
INFO 2020-12-04 00:44:05,593 basehttp 124 "GET /static/xadmin/js/xadmin.plugin.filters.js HTTP/1.1" 304 0
INFO 2020-12-04 00:44:05,594 basehttp 124 "GET /static/xadmin/js/xadmin.plugin.bookmark.js HTTP/1.1" 304 0
INFO 2020-12-04 00:44:05,594 basehttp 124 "GET /static/xadmin/js/xadmin.plugin.details.js HTTP/1.1" 304 0
INFO 2020-12-04 00:44:05,594 basehttp 124 "GET /static/xadmin/js/xadmin.plugin.themes.js HTTP/1.1" 304 0
INFO 2020-12-04 00:44:09,149 basehttp 124 "GET /admin/home/nav/ HTTP/1.1" 200 34372
INFO 2020-12-04 00:44:09,168 basehttp 124 "GET /admin/jsi18n/ HTTP/1.1" 200 3185
INFO 2020-12-04 00:44:12,422 basehttp 124 "GET /admin/home/nav/1/update/ HTTP/1.1" 200 19466
INFO 2020-12-04 00:44:12,437 basehttp 124 "GET /static/xadmin/vendor/select2/select2.css HTTP/1.1" 304 0
INFO 2020-12-04 00:44:12,440 basehttp 124 "GET /static/xadmin/vendor/selectize/selectize.css HTTP/1.1" 304 0
INFO 2020-12-04 00:44:12,440 basehttp 124 "GET /static/xadmin/vendor/selectize/selectize.bootstrap3.css HTTP/1.1" 304 0
INFO 2020-12-04 00:44:12,443 basehttp 124 "GET /static/xadmin/js/xadmin.plugin.portal.js HTTP/1.1" 304 0
INFO 2020-12-04 00:44:12,445 basehttp 124 "GET /static/xadmin/vendor/selectize/selectize.js HTTP/1.1" 304 0
INFO 2020-12-04 00:44:12,447 basehttp 124 "GET /static/xadmin/vendor/select2/select2.js HTTP/1.1" 304 0
WARNING 2020-12-04 00:44:12,449 basehttp 124 "GET /static/xadmin/vendor/select2/select2_locale_en-us.js HTTP/1.1" 404 1767
INFO 2020-12-04 00:44:12,449 basehttp 124 "GET /admin/jsi18n/ HTTP/1.1" 200 3185
INFO 2020-12-04 00:44:12,449 basehttp 124 "GET /static/xadmin/js/xadmin.widget.select.js HTTP/1.1" 304 0
WARNING 2020-12-04 00:44:12,466 basehttp 124 "GET /static/xadmin/vendor/select2/select2_locale_en-us.js HTTP/1.1" 404 1767
INFO 2020-12-04 00:45:42,367 basehttp 124 "GET /home/nav/ HTTP/1.1" 200 806
INFO 2020-12-04 00:45:42,372 basehttp 124 "GET /home/banners/ HTTP/1.1" 200 277
INFO 2020-12-04 00:45:42,375 basehttp 124 "GET /home/nav/ HTTP/1.1" 200 806
INFO 2020-12-04 00:46:18,088 basehttp 124 "GET /home/nav/ HTTP/1.1" 200 806
INFO 2020-12-04 00:46:18,092 basehttp 124 "GET /home/banners/ HTTP/1.1" 200 277
INFO 2020-12-04 00:46:18,097 basehttp 124 "GET /home/nav/ HTTP/1.1" 200 806
INFO 2020-12-04 00:48:40,598 basehttp 124 "GET /admin/home/nav/ HTTP/1.1" 200 34372
INFO 2020-12-04 00:48:44,209 basehttp 124 "GET /admin/home/nav/9/update/ HTTP/1.1" 200 19483
WARNING 2020-12-04 00:48:44,226 basehttp 124 "GET /static/xadmin/vendor/select2/select2_locale_en-us.js HTTP/1.1" 404 1767
INFO 2020-12-04 00:48:44,229 basehttp 124 "GET /admin/jsi18n/ HTTP/1.1" 200 3185
WARNING 2020-12-04 00:48:44,245 basehttp 124 "GET /static/xadmin/vendor/select2/select2_locale_en-us.js HTTP/1.1" 404 1767
INFO 2020-12-04 00:48:48,070 basehttp 124 "POST /admin/home/nav/9/update/ HTTP/1.1" 302 0
INFO 2020-12-04 00:48:48,122 basehttp 124 "GET /admin/home/nav/ HTTP/1.1" 200 34621
INFO 2020-12-04 00:48:48,142 basehttp 124 "GET /admin/jsi18n/ HTTP/1.1" 200 3185
INFO 2020-12-04 00:49:01,019 basehttp 124 "GET /admin/home/nav/ HTTP/1.1" 200 34372
INFO 2020-12-04 00:49:01,037 basehttp 124 "GET /admin/jsi18n/ HTTP/1.1" 200 3185
INFO 2020-12-04 00:50:18,042 basehttp 124 "GET /home/nav/ HTTP/1.1" 200 806
INFO 2020-12-04 00:50:18,045 basehttp 124 "GET /home/banners/ HTTP/1.1" 200 277
INFO 2020-12-04 00:50:18,055 basehttp 124 "GET /home/nav/ HTTP/1.1" 200 806
INFO 2020-12-04 00:55:05,141 basehttp 124 "GET /home/nav/ HTTP/1.1" 200 806
INFO 2020-12-04 00:55:05,145 basehttp 124 "GET /home/banners/ HTTP/1.1" 200 277
INFO 2020-12-04 00:55:05,148 basehttp 124 "GET /home/nav/ HTTP/1.1" 200 806
INFO 2020-12-04 09:01:26,894 basehttp 124 "GET /home/nav/ HTTP/1.1" 200 806
INFO 2020-12-04 09:01:26,894 basehttp 124 "GET /home/banners/ HTTP/1.1" 200 277
INFO 2020-12-04 09:01:26,900 basehttp 124 "GET /home/nav/ HTTP/1.1" 200 806
INFO 2020-12-04 09:01:26,908 basehttp 124 "GET /media/banner/01.png HTTP/1.1" 304 0
INFO 2020-12-04 09:01:26,909 basehttp 124 "GET /media/banner/02.png HTTP/1.1" 304 0
INFO 2020-12-04 09:01:26,909 basehttp 124 "GET /media/banner/03.png HTTP/1.1" 304 0
INFO 2020-12-04 09:02:19,440 basehttp 124 "GET /home/nav/ HTTP/1.1" 200 806
INFO 2020-12-04 09:02:19,444 basehttp 124 "GET /home/banners/ HTTP/1.1" 200 277
INFO 2020-12-04 09:02:19,447 basehttp 124 "GET /home/nav/ HTTP/1.1" 200 806
INFO 2020-12-04 09:03:51,117 basehttp 124 "GET /home/nav/ HTTP/1.1" 200 806
INFO 2020-12-04 09:03:51,122 basehttp 124 "GET /home/banners/ HTTP/1.1" 200 277
INFO 2020-12-04 09:03:51,125 basehttp 124 "GET /home/nav/ HTTP/1.1" 200 806
INFO 2020-12-04 09:03:59,497 basehttp 124 "GET /home/nav/ HTTP/1.1" 200 806
INFO 2020-12-04 09:03:59,501 basehttp 124 "GET /home/banners/ HTTP/1.1" 200 277
INFO 2020-12-04 09:03:59,504 basehttp 124 "GET /home/nav/ HTTP/1.1" 200 806
INFO 2020-12-04 09:04:00,914 basehttp 124 "GET /home/nav/ HTTP/1.1" 200 806
INFO 2020-12-04 09:04:00,914 basehttp 124 "GET /home/banners/ HTTP/1.1" 200 277
INFO 2020-12-04 09:04:00,920 basehttp 124 "GET /home/nav/ HTTP/1.1" 200 806
INFO 2020-12-04 09:04:03,917 basehttp 124 "GET /home/nav/ HTTP/1.1" 200 806
INFO 2020-12-04 09:04:03,920 basehttp 124 "GET /home/banners/ HTTP/1.1" 200 277
INFO 2020-12-04 09:04:03,924 basehttp 124 "GET /home/nav/ HTTP/1.1" 200 806
INFO 2020-12-04 09:06:22,909 basehttp 124 "GET /home/nav/ HTTP/1.1" 200 806
INFO 2020-12-04 09:06:22,913 basehttp 124 "GET /home/banners/ HTTP/1.1" 200 277
INFO 2020-12-04 09:06:22,917 basehttp 124 "GET /home/nav/ HTTP/1.1" 200 806
INFO 2020-12-04 09:06:25,647 basehttp 124 "GET /home/nav/ HTTP/1.1" 200 806
INFO 2020-12-04 09:06:25,651 basehttp 124 "GET /home/banners/ HTTP/1.1" 200 277
INFO 2020-12-04 09:06:25,655 basehttp 124 "GET /home/nav/ HTTP/1.1" 200 806
INFO 2020-12-04 09:06:28,755 basehttp 124 "GET /home/nav/ HTTP/1.1" 200 806
INFO 2020-12-04 09:06:28,755 basehttp 124 "GET /home/banners/ HTTP/1.1" 200 277
INFO 2020-12-04 09:06:28,762 basehttp 124 "GET /home/nav/ HTTP/1.1" 200 806
INFO 2020-12-04 09:10:18,079 basehttp 124 "GET /home/nav/ HTTP/1.1" 200 806
INFO 2020-12-04 09:10:18,084 basehttp 124 "GET /home/banners/ HTTP/1.1" 200 277
INFO 2020-12-04 09:10:18,089 basehttp 124 "GET /home/nav/ HTTP/1.1" 200 806
INFO 2020-12-04 09:10:20,037 basehttp 124 "GET /home/nav/ HTTP/1.1" 200 806
INFO 2020-12-04 09:10:20,040 basehttp 124 "GET /home/banners/ HTTP/1.1" 200 277
INFO 2020-12-04 09:10:20,046 basehttp 124 "GET /home/nav/ HTTP/1.1" 200 806
INFO 2020-12-04 09:11:01,294 basehttp 124 "GET /home/nav/ HTTP/1.1" 200 806
INFO 2020-12-04 09:11:01,298 basehttp 124 "GET /home/banners/ HTTP/1.1" 200 277
INFO 2020-12-04 09:11:01,301 basehttp 124 "GET /home/nav/ HTTP/1.1" 200 806
INFO 2020-12-04 09:11:15,568 basehttp 124 "GET /home/nav/ HTTP/1.1" 200 806
INFO 2020-12-04 09:11:15,573 basehttp 124 "GET /home/banners/ HTTP/1.1" 200 277
INFO 2020-12-04 09:11:15,576 basehttp 124 "GET /home/nav/ HTTP/1.1" 200 806
INFO 2020-12-04 16:15:43,657 basehttp 124 "GET /admin/ HTTP/1.1" 200 4366
INFO 2020-12-04 16:15:43,675 basehttp 124 "GET /static/xadmin/vendor/bootstrap/css/bootstrap.css HTTP/1.1" 304 0
INFO 2020-12-04 16:15:43,677 basehttp 124 "GET /static/xadmin/css/themes/bootstrap-xadmin.css HTTP/1.1" 304 0
INFO 2020-12-04 16:15:43,681 basehttp 124 "GET /static/xadmin/css/xadmin.main.css HTTP/1.1" 304 0
INFO 2020-12-04 16:15:43,681 basehttp 124 "GET /static/xadmin/vendor/font-awesome/css/font-awesome.css HTTP/1.1" 304 0
INFO 2020-12-04 16:15:43,681 basehttp 124 "GET /static/xadmin/vendor/jquery/jquery.js HTTP/1.1" 304 0
INFO 2020-12-04 16:15:43,682 basehttp 124 "GET /static/xadmin/css/xadmin.plugins.css HTTP/1.1" 304 0
INFO 2020-12-04 16:15:43,682 basehttp 124 "GET /static/xadmin/vendor/jquery-ui/jquery.ui.core.js HTTP/1.1" 304 0
INFO 2020-12-04 16:15:43,682 basehttp 124 "GET /static/xadmin/css/xadmin.responsive.css HTTP/1.1" 304 0
INFO 2020-12-04 16:15:43,688 basehttp 124 "GET /static/xadmin/vendor/bootstrap/js/bootstrap.js HTTP/1.1" 304 0
INFO 2020-12-04 16:15:43,689 basehttp 124 "GET /static/xadmin/js/xadmin.responsive.js HTTP/1.1" 304 0
INFO 2020-12-04 16:15:43,691 basehttp 124 "GET /static/xadmin/vendor/jquery-ui/jquery.ui.mouse.js HTTP/1.1" 304 0
INFO 2020-12-04 16:15:43,691 basehttp 124 "GET /static/xadmin/vendor/jquery-ui/jquery.ui.widget.js HTTP/1.1" 304 0
INFO 2020-12-04 16:15:43,695 basehttp 124 "GET /static/xadmin/vendor/jquery-ui/jquery.ui.sortable.js HTTP/1.1" 304 0
INFO 2020-12-04 16:15:43,695 basehttp 124 "GET /static/xadmin/js/xadmin.plugin.themes.js HTTP/1.1" 304 0
INFO 2020-12-04 16:15:43,697 basehttp 124 "GET /static/xadmin/js/xadmin.main.js HTTP/1.1" 304 0
INFO 2020-12-04 16:15:43,697 basehttp 124 "GET /static/xadmin/vendor/jquery-ui/jquery.ui.effect.js HTTP/1.1" 304 0
INFO 2020-12-04 16:15:43,698 basehttp 124 "GET /admin/jsi18n/ HTTP/1.1" 200 4373
INFO 2020-12-04 16:15:43,770 basehttp 124 "GET /static/xadmin/vendor/font-awesome/fonts/fontawesome-webfont.woff?v=4.0.3 HTTP/1.1" 304 0
WARNING 2020-12-04 16:15:43,783 base 91 Not Found: /favicon.ico
WARNING 2020-12-04 16:15:43,783 basehttp 124 "GET /favicon.ico HTTP/1.1" 404 2211
INFO 2020-12-04 16:15:59,698 basehttp 124 "POST /admin/ HTTP/1.1" 200 4595
INFO 2020-12-04 16:15:59,738 basehttp 124 "GET /admin/jsi18n/ HTTP/1.1" 200 4373
INFO 2020-12-04 16:16:13,868 basehttp 124 "POST /admin/ HTTP/1.1" 200 4595
INFO 2020-12-04 16:16:13,884 basehttp 124 "GET /admin/jsi18n/ HTTP/1.1" 200 4373
INFO 2020-12-04 16:17:51,458 basehttp 124 "POST /admin/ HTTP/1.1" 302 0
INFO 2020-12-04 16:17:52,400 basehttp 124 "GET /admin/ HTTP/1.1" 200 15507
INFO 2020-12-04 16:17:52,417 basehttp 124 "GET /static/xadmin/css/xadmin.page.dashboard.css HTTP/1.1" 304 0
INFO 2020-12-04 16:17:52,418 basehttp 124 "GET /static/xadmin/js/xadmin.page.dashboard.js HTTP/1.1" 304 0
INFO 2020-12-04 16:17:52,419 basehttp 124 "GET /static/xadmin/js/xadmin.plugin.portal.js HTTP/1.1" 304 0
INFO 2020-12-04 16:17:52,422 basehttp 124 "GET /admin/jsi18n/ HTTP/1.1" 200 3185
INFO 2020-12-04 16:17:54,623 basehttp 124 "GET /admin/logout/ HTTP/1.1" 200 2879
INFO 2020-12-04 16:17:54,643 basehttp 124 "GET /admin/jsi18n/ HTTP/1.1" 200 4373
INFO 2020-12-04 16:17:56,654 basehttp 124 "GET /admin/ HTTP/1.1" 200 4366
INFO 2020-12-04 16:17:56,672 basehttp 124 "GET /admin/jsi18n/ HTTP/1.1" 200 4373
INFO 2020-12-04 16:18:04,385 basehttp 124 "POST /admin/ HTTP/1.1" 302 0
INFO 2020-12-04 16:18:04,406 basehttp 124 "GET /admin/ HTTP/1.1" 200 15507
INFO 2020-12-04 16:18:04,424 basehttp 124 "GET /admin/jsi18n/ HTTP/1.1" 200 3185
INFO 2020-12-04 16:18:12,520 basehttp 124 "GET /admin/user/userinfo/ HTTP/1.1" 200 35397
INFO 2020-12-04 16:18:12,536 basehttp 124 "GET /static/xadmin/css/xadmin.form.css HTTP/1.1" 304 0
INFO 2020-12-04 16:18:12,540 basehttp 124 "GET /static/xadmin/js/xadmin.plugin.bookmark.js HTTP/1.1" 304 0
INFO 2020-12-04 16:18:12,540 basehttp 124 "GET /static/xadmin/js/xadmin.plugin.actions.js HTTP/1.1" 304 0
INFO 2020-12-04 16:18:12,540 basehttp 124 "GET /static/xadmin/js/xadmin.plugin.filters.js HTTP/1.1" 304 0
INFO 2020-12-04 16:18:12,540 basehttp 124 "GET /static/xadmin/js/xadmin.plugin.details.js HTTP/1.1" 304 0
INFO 2020-12-04 16:18:12,543 basehttp 124 "GET /static/xadmin/js/xadmin.page.form.js HTTP/1.1" 304 0
INFO 2020-12-04 16:18:12,545 basehttp 124 "GET /admin/jsi18n/ HTTP/1.1" 200 3185
INFO 2020-12-04 16:18:12,545 basehttp 124 "GET /static/xadmin/js/xadmin.page.list.js HTTP/1.1" 304 0
INFO 2020-12-04 16:18:18,616 basehttp 124 "GET /admin/reversion/revision/ HTTP/1.1" 200 30173
INFO 2020-12-04 16:18:18,630 basehttp 124 "GET /static/xadmin/vendor/bootstrap-datepicker/css/datepicker.css HTTP/1.1" 200 10225
INFO 2020-12-04 16:18:18,636 basehttp 124 "GET /static/xadmin/vendor/selectize/selectize.bootstrap3.css HTTP/1.1" 304 0
INFO 2020-12-04 16:18:18,636 basehttp 124 "GET /static/xadmin/vendor/select2/select2.css HTTP/1.1" 304 0
INFO 2020-12-04 16:18:18,637 basehttp 124 "GET /static/xadmin/vendor/selectize/selectize.css HTTP/1.1" 304 0
INFO 2020-12-04 16:18:18,638 basehttp 124 "GET /static/xadmin/js/xadmin.widget.datetime.js HTTP/1.1" 200 2979
INFO 2020-12-04 16:18:18,640 basehttp 124 "GET /static/xadmin/vendor/bootstrap-datepicker/js/bootstrap-datepicker.js HTTP/1.1" 200 32656
INFO 2020-12-04 16:18:18,645 basehttp 124 "GET /static/xadmin/js/xadmin.widget.select.js HTTP/1.1" 304 0
WARNING 2020-12-04 16:18:18,646 basehttp 124 "GET /static/xadmin/vendor/select2/select2_locale_en-us.js HTTP/1.1" 404 1767
INFO 2020-12-04 16:18:18,647 basehttp 124 "GET /admin/jsi18n/ HTTP/1.1" 200 3185
INFO 2020-12-04 16:18:18,647 basehttp 124 "GET /static/xadmin/vendor/selectize/selectize.js HTTP/1.1" 304 0
INFO 2020-12-04 16:18:18,647 basehttp 124 "GET /static/xadmin/vendor/select2/select2.js HTTP/1.1" 304 0
WARNING 2020-12-04 16:18:18,666 basehttp 124 "GET /static/xadmin/vendor/select2/select2_locale_en-us.js HTTP/1.1" 404 1767
INFO 2020-12-04 16:18:21,659 basehttp 124 "GET /admin/home/banner/ HTTP/1.1" 200 25066
INFO 2020-12-04 16:18:21,677 basehttp 124 "GET /admin/jsi18n/ HTTP/1.1" 200 3185
INFO 2020-12-04 16:18:22,402 basehttp 124 "GET /admin/home/nav/ HTTP/1.1" 200 25502
INFO 2020-12-04 16:18:22,420 basehttp 124 "GET /admin/jsi18n/ HTTP/1.1" 200 3185
INFO 2020-12-04 16:18:23,132 basehttp 124 "GET /admin/home/banner/ HTTP/1.1" 200 25066
INFO 2020-12-04 16:18:23,150 basehttp 124 "GET /admin/jsi18n/ HTTP/1.1" 200 3185
INFO 2020-12-04 16:18:27,365 basehttp 124 "GET /admin/home/nav/ HTTP/1.1" 200 25502
INFO 2020-12-04 16:18:27,383 basehttp 124 "GET /admin/jsi18n/ HTTP/1.1" 200 3185
INFO 2020-12-04 16:18:28,229 basehttp 124 "GET /admin/home/banner/ HTTP/1.1" 200 25066
INFO 2020-12-04 16:18:28,247 basehttp 124 "GET /admin/jsi18n/ HTTP/1.1" 200 3185
INFO 2020-12-04 16:18:30,344 basehttp 124 "GET /admin/home/banner/add/ HTTP/1.1" 200 20548
INFO 2020-12-04 16:18:30,361 basehttp 124 "GET /static/xadmin/vendor/bootstrap-image-gallery/css/bootstrap-image-gallery.css HTTP/1.1" 304 0
INFO 2020-12-04 16:18:30,362 basehttp 124 "GET /static/xadmin/vendor/load-image/load-image.js HTTP/1.1" 304 0
INFO 2020-12-04 16:18:30,362 basehttp 124 "GET /static/xadmin/vendor/bootstrap-image-gallery/js/bootstrap-image-gallery.js HTTP/1.1" 304 0
INFO 2020-12-04 16:18:30,365 basehttp 124 "GET /admin/jsi18n/ HTTP/1.1" 200 3185
INFO 2020-12-04 16:18:47,423 basehttp 124 "POST /admin/home/banner/add/ HTTP/1.1" 302 0
INFO 2020-12-04 16:18:47,469 basehttp 124 "GET /admin/home/banner/add/ HTTP/1.1" 200 20889
INFO 2020-12-04 16:18:47,487 basehttp 124 "GET /admin/jsi18n/ HTTP/1.1" 200 3185
INFO 2020-12-04 16:18:59,705 basehttp 124 "POST /admin/home/banner/add/ HTTP/1.1" 302 0
INFO 2020-12-04 16:18:59,750 basehttp 124 "GET /admin/home/banner/add/ HTTP/1.1" 200 20889
INFO 2020-12-04 16:18:59,790 basehttp 124 "GET /admin/jsi18n/ HTTP/1.1" 200 3185
INFO 2020-12-04 16:19:11,794 basehttp 124 "POST /admin/home/banner/add/ HTTP/1.1" 302 0
INFO 2020-12-04 16:19:11,837 basehttp 124 "GET /admin/home/banner/ HTTP/1.1" 200 30270
INFO 2020-12-04 16:19:11,856 basehttp 124 "GET /admin/jsi18n/ HTTP/1.1" 200 3185
INFO 2020-12-04 16:19:14,125 basehttp 124 "GET /admin/home/nav/ HTTP/1.1" 200 25502
INFO 2020-12-04 16:19:14,136 basehttp 124 "GET /admin/jsi18n/ HTTP/1.1" 200 3185
INFO 2020-12-04 16:19:15,906 basehttp 124 "GET /admin/home/nav/add/ HTTP/1.1" 200 19896
WARNING 2020-12-04 16:19:15,925 basehttp 124 "GET /static/xadmin/vendor/select2/select2_locale_en-us.js HTTP/1.1" 404 1767
INFO 2020-12-04 16:19:15,928 basehttp 124 "GET /admin/jsi18n/ HTTP/1.1" 200 3185
WARNING 2020-12-04 16:19:15,946 basehttp 124 "GET /static/xadmin/vendor/select2/select2_locale_en-us.js HTTP/1.1" 404 1767
INFO 2020-12-04 16:19:28,730 basehttp 124 "POST /admin/home/nav/add/ HTTP/1.1" 302 0
INFO 2020-12-04 16:19:28,778 basehttp 124 "GET /admin/home/nav/add/ HTTP/1.1" 200 20233
WARNING 2020-12-04 16:19:28,796 basehttp 124 "GET /static/xadmin/vendor/select2/select2_locale_en-us.js HTTP/1.1" 404 1767
INFO 2020-12-04 16:19:28,800 basehttp 124 "GET /admin/jsi18n/ HTTP/1.1" 200 3185
WARNING 2020-12-04 16:19:28,815 basehttp 124 "GET /static/xadmin/vendor/select2/select2_locale_en-us.js HTTP/1.1" 404 1767
INFO 2020-12-04 16:19:41,074 basehttp 124 "POST /admin/home/nav/add/ HTTP/1.1" 302 0
INFO 2020-12-04 16:19:41,126 basehttp 124 "GET /admin/home/nav/add/ HTTP/1.1" 200 20239
WARNING 2020-12-04 16:19:41,144 basehttp 124 "GET /static/xadmin/vendor/select2/select2_locale_en-us.js HTTP/1.1" 404 1767
INFO 2020-12-04 16:19:41,147 basehttp 124 "GET /admin/jsi18n/ HTTP/1.1" 200 3185
WARNING 2020-12-04 16:19:41,164 basehttp 124 "GET /static/xadmin/vendor/select2/select2_locale_en-us.js HTTP/1.1" 404 1767
INFO 2020-12-04 16:19:58,307 basehttp 124 "POST /admin/home/nav/add/ HTTP/1.1" 302 0
INFO 2020-12-04 16:19:58,355 basehttp 124 "GET /admin/home/nav/add/ HTTP/1.1" 200 20236
WARNING 2020-12-04 16:19:58,373 basehttp 124 "GET /static/xadmin/vendor/select2/select2_locale_en-us.js HTTP/1.1" 404 1767
INFO 2020-12-04 16:19:58,376 basehttp 124 "GET /admin/jsi18n/ HTTP/1.1" 200 3185
WARNING 2020-12-04 16:19:58,393 basehttp 124 "GET /static/xadmin/vendor/select2/select2_locale_en-us.js HTTP/1.1" 404 1767
INFO 2020-12-04 16:20:17,363 basehttp 124 "POST /admin/home/nav/add/ HTTP/1.1" 302 0
INFO 2020-12-04 16:20:17,412 basehttp 124 "GET /admin/home/nav/add/ HTTP/1.1" 200 20239
WARNING 2020-12-04 16:20:17,450 basehttp 124 "GET /static/xadmin/vendor/select2/select2_locale_en-us.js HTTP/1.1" 404 1767
INFO 2020-12-04 16:20:17,455 basehttp 124 "GET /admin/jsi18n/ HTTP/1.1" 200 3185
WARNING 2020-12-04 16:20:17,471 basehttp 124 "GET /static/xadmin/vendor/select2/select2_locale_en-us.js HTTP/1.1" 404 1767
INFO 2020-12-04 16:20:39,218 basehttp 124 "POST /admin/home/nav/add/ HTTP/1.1" 302 0
INFO 2020-12-04 16:20:39,262 basehttp 124 "GET /admin/home/nav/ HTTP/1.1" 200 31897
INFO 2020-12-04 16:20:39,281 basehttp 124 "GET /admin/jsi18n/ HTTP/1.1" 200 3185
INFO 2020-12-04 16:20:52,194 basehttp 124 "GET /admin/home/nav/add/ HTTP/1.1" 200 19896
WARNING 2020-12-04 16:20:52,213 basehttp 124 "GET /static/xadmin/vendor/select2/select2_locale_en-us.js HTTP/1.1" 404 1767
INFO 2020-12-04 16:20:52,216 basehttp 124 "GET /admin/jsi18n/ HTTP/1.1" 200 3185
WARNING 2020-12-04 16:20:52,234 basehttp 124 "GET /static/xadmin/vendor/select2/select2_locale_en-us.js HTTP/1.1" 404 1767
INFO 2020-12-04 16:21:14,404 basehttp 124 "POST /admin/home/nav/add/ HTTP/1.1" 302 0
INFO 2020-12-04 16:21:14,453 basehttp 124 "GET /admin/home/nav/add/ HTTP/1.1" 200 20239
WARNING 2020-12-04 16:21:14,471 basehttp 124 "GET /static/xadmin/vendor/select2/select2_locale_en-us.js HTTP/1.1" 404 1767
INFO 2020-12-04 16:21:14,474 basehttp 124 "GET /admin/jsi18n/ HTTP/1.1" 200 3185
WARNING 2020-12-04 16:21:14,490 basehttp 124 "GET /static/xadmin/vendor/select2/select2_locale_en-us.js HTTP/1.1" 404 1767
INFO 2020-12-04 16:21:29,698 basehttp 124 "POST /admin/home/nav/add/ HTTP/1.1" 302 0
INFO 2020-12-04 16:21:30,606 basehttp 124 "GET /admin/home/nav/ HTTP/1.1" 200 33062
INFO 2020-12-04 16:21:30,653 basehttp 124 "GET /admin/jsi18n/ HTTP/1.1" 200 3185
INFO 2020-12-04 16:21:57,005 basehttp 124 "GET /admin/home/nav/add/ HTTP/1.1" 200 19896
WARNING 2020-12-04 16:21:57,024 basehttp 124 "GET /static/xadmin/vendor/select2/select2_locale_en-us.js HTTP/1.1" 404 1767
INFO 2020-12-04 16:21:57,027 basehttp 124 "GET /admin/jsi18n/ HTTP/1.1" 200 3185
WARNING 2020-12-04 16:21:57,044 basehttp 124 "GET /static/xadmin/vendor/select2/select2_locale_en-us.js HTTP/1.1" 404 1767
INFO 2020-12-04 16:22:22,620 basehttp 124 "POST /admin/home/nav/add/ HTTP/1.1" 302 0
INFO 2020-12-04 16:22:22,667 basehttp 124 "GET /admin/home/nav/ HTTP/1.1" 200 33649
INFO 2020-12-04 16:22:22,686 basehttp 124 "GET /admin/jsi18n/ HTTP/1.1" 200 3185
INFO 2020-12-04 16:22:27,048 basehttp 124 "GET /admin/home/nav/add/ HTTP/1.1" 200 19896
WARNING 2020-12-04 16:22:27,066 basehttp 124 "GET /static/xadmin/vendor/select2/select2_locale_en-us.js HTTP/1.1" 404 1767
INFO 2020-12-04 16:22:27,070 basehttp 124 "GET /admin/jsi18n/ HTTP/1.1" 200 3185
WARNING 2020-12-04 16:22:27,085 basehttp 124 "GET /static/xadmin/vendor/select2/select2_locale_en-us.js HTTP/1.1" 404 1767
INFO 2020-12-04 16:22:30,319 basehttp 124 "GET /admin/home/nav/ HTTP/1.1" 200 33343
INFO 2020-12-04 16:22:33,161 basehttp 124 "GET /admin/home/nav/7/update/ HTTP/1.1" 200 20232
WARNING 2020-12-04 16:22:33,203 basehttp 124 "GET /static/xadmin/vendor/select2/select2_locale_en-us.js HTTP/1.1" 404 1767
INFO 2020-12-04 16:22:33,207 basehttp 124 "GET /admin/jsi18n/ HTTP/1.1" 200 3185
WARNING 2020-12-04 16:22:33,223 basehttp 124 "GET /static/xadmin/vendor/select2/select2_locale_en-us.js HTTP/1.1" 404 1767
INFO 2020-12-04 16:22:34,737 basehttp 124 "GET /admin/home/nav/ HTTP/1.1" 200 33343
INFO 2020-12-04 16:22:36,729 basehttp 124 "GET /admin/home/nav/add/ HTTP/1.1" 200 19896
WARNING 2020-12-04 16:22:36,746 basehttp 124 "GET /static/xadmin/vendor/select2/select2_locale_en-us.js HTTP/1.1" 404 1767
INFO 2020-12-04 16:22:36,748 basehttp 124 "GET /admin/jsi18n/ HTTP/1.1" 200 3185
WARNING 2020-12-04 16:22:36,763 basehttp 124 "GET /static/xadmin/vendor/select2/select2_locale_en-us.js HTTP/1.1" 404 1767
INFO 2020-12-04 16:23:04,771 basehttp 124 "POST /admin/home/nav/add/ HTTP/1.1" 302 0
INFO 2020-12-04 16:23:04,820 basehttp 124 "GET /admin/home/nav/add/ HTTP/1.1" 200 20239
WARNING 2020-12-04 16:23:04,836 basehttp 124 "GET /static/xadmin/vendor/select2/select2_locale_en-us.js HTTP/1.1" 404 1767
INFO 2020-12-04 16:23:04,839 basehttp 124 "GET /admin/jsi18n/ HTTP/1.1" 200 3185
WARNING 2020-12-04 16:23:04,856 basehttp 124 "GET /static/xadmin/vendor/select2/select2_locale_en-us.js HTTP/1.1" 404 1767
INFO 2020-12-04 16:23:22,587 basehttp 124 "POST /admin/home/nav/add/ HTTP/1.1" 302 0
INFO 2020-12-04 16:23:22,635 basehttp 124 "GET /admin/home/nav/add/ HTTP/1.1" 200 20240
WARNING 2020-12-04 16:23:22,651 basehttp 124 "GET /static/xadmin/vendor/select2/select2_locale_en-us.js HTTP/1.1" 404 1767
INFO 2020-12-04 16:23:22,654 basehttp 124 "GET /admin/jsi18n/ HTTP/1.1" 200 3185
WARNING 2020-12-04 16:23:22,671 basehttp 124 "GET /static/xadmin/vendor/select2/select2_locale_en-us.js HTTP/1.1" 404 1767
INFO 2020-12-04 16:23:41,644 basehttp 124 "POST /admin/home/nav/add/ HTTP/1.1" 302 0
INFO 2020-12-04 16:23:41,695 basehttp 124 "GET /admin/home/nav/ HTTP/1.1" 200 35420
INFO 2020-12-04 16:23:41,738 basehttp 124 "GET /admin/jsi18n/ HTTP/1.1" 200 3185
INFO 2020-12-04 16:23:44,968 basehttp 124 "GET /admin/home/banner/ HTTP/1.1" 200 29966
INFO 2020-12-04 16:23:44,988 basehttp 124 "GET /admin/jsi18n/ HTTP/1.1" 200 3185
INFO 2020-12-04 16:23:47,251 basehttp 124 "GET /admin/user/userinfo/ HTTP/1.1" 200 35397
INFO 2020-12-04 16:23:47,271 basehttp 124 "GET /admin/jsi18n/ HTTP/1.1" 200 3185
INFO 2020-12-04 16:23:50,489 basehttp 124 "GET /admin/user/userinfo/ HTTP/1.1" 200 35397
INFO 2020-12-04 16:23:50,508 basehttp 124 "GET /admin/jsi18n/ HTTP/1.1" 200 3185
INFO 2020-12-04 16:23:58,120 basehttp 124 "GET /admin/user/userinfo/add/ HTTP/1.1" 200 18646
INFO 2020-12-04 16:23:58,140 basehttp 124 "GET /admin/jsi18n/ HTTP/1.1" 200 3185
INFO 2020-12-04 16:24:06,563 basehttp 124 "GET /admin/user/userinfo/ HTTP/1.1" 200 35397
INFO 2020-12-04 16:24:09,167 basehttp 124 "GET /admin/home/banner/ HTTP/1.1" 200 29966
INFO 2020-12-04 16:24:10,333 basehttp 124 "GET /admin/home/banner/ HTTP/1.1" 200 29966
INFO 2020-12-04 16:24:10,350 basehttp 124 "GET /admin/jsi18n/ HTTP/1.1" 200 3185
INFO 2020-12-04 16:28:59,148 basehttp 124 "GET /home/nav/ HTTP/1.1" 200 807
INFO 2020-12-04 16:28:59,149 basehttp 124 "GET /home/banners/ HTTP/1.1" 200 301
INFO 2020-12-04 16:28:59,154 basehttp 124 "GET /home/nav/ HTTP/1.1" 200 807
INFO 2020-12-04 16:28:59,171 basehttp 124 "GET /media/banner/02_dj92d3u.png HTTP/1.1" 200 364808
INFO 2020-12-04 16:28:59,174 basehttp 124 "GET /media/banner/01_36itvMx.png HTTP/1.1" 200 737783
INFO 2020-12-04 16:28:59,174 basehttp 124 "GET /media/banner/03_hADd0as.png HTTP/1.1" 200 745382
INFO 2020-12-04 16:29:33,418 basehttp 124 "GET /home/nav/ HTTP/1.1" 200 807
INFO 2020-12-04 16:29:33,421 basehttp 124 "GET /home/banners/ HTTP/1.1" 200 301
INFO 2020-12-04 16:29:33,424 basehttp 124 "GET /home/nav/ HTTP/1.1" 200 807
WARNING 2020-12-04 16:29:58,527 base 91 Not Found: /user/captcha/
WARNING 2020-12-04 16:29:58,528 basehttp 124 "GET /user/captcha/?username=admin HTTP/1.1" 404 2232
WARNING 2020-12-04 16:30:10,095 base 91 Not Found: /user/captcha/
WARNING 2020-12-04 16:30:10,096 basehttp 124 "GET /user/captcha/?username=admin HTTP/1.1" 404 2232
WARNING 2020-12-04 16:30:14,191 base 91 Not Found: /user/captcha/
WARNING 2020-12-04 16:30:14,191 basehttp 124 "GET /user/captcha/?username=admin HTTP/1.1" 404 2232
WARNING 2020-12-04 16:30:14,718 base 91 Not Found: /user/captcha/
WARNING 2020-12-04 16:30:14,718 basehttp 124 "GET /user/captcha/?username=admin HTTP/1.1" 404 2232
WARNING 2020-12-04 16:30:14,878 base 91 Not Found: /user/captcha/
WARNING 2020-12-04 16:30:14,879 basehttp 124 "GET /user/captcha/?username=admin HTTP/1.1" 404 2232
WARNING 2020-12-04 16:30:15,038 base 91 Not Found: /user/captcha/
WARNING 2020-12-04 16:30:15,038 basehttp 124 "GET /user/captcha/?username=admin HTTP/1.1" 404 2232
WARNING 2020-12-04 16:30:38,960 base 91 Not Found: /user/captcha/
WARNING 2020-12-04 16:30:38,960 basehttp 124 "GET /user/captcha/?username=admin HTTP/1.1" 404 2232
WARNING 2020-12-04 16:30:43,118 base 91 Not Found: /user/captcha/
WARNING 2020-12-04 16:30:43,118 basehttp 124 "GET /user/captcha/?username=admin HTTP/1.1" 404 2232
INFO 2020-12-04 16:32:54,112 basehttp 124 "GET /home/nav/ HTTP/1.1" 200 807
INFO 2020-12-04 16:32:54,112 basehttp 124 "GET /home/banners/ HTTP/1.1" 200 301
INFO 2020-12-04 16:32:54,131 basehttp 124 "GET /media/banner/02_dj92d3u.png HTTP/1.1" 304 0
INFO 2020-12-04 16:32:54,131 basehttp 124 "GET /media/banner/01_36itvMx.png HTTP/1.1" 304 0
INFO 2020-12-04 16:32:54,132 basehttp 124 "GET /media/banner/03_hADd0as.png HTTP/1.1" 304 0
INFO 2020-12-04 16:32:55,488 basehttp 124 "GET /home/nav/ HTTP/1.1" 200 807
WARNING 2020-12-04 16:34:13,417 base 91 Not Found: /user/captcha/
WARNING 2020-12-04 16:34:13,418 basehttp 124 "GET /user/captcha/?username=admin HTTP/1.1" 404 2232
INFO 2020-12-04 16:37:11,923 basehttp 124 "GET /home/nav/ HTTP/1.1" 200 807
INFO 2020-12-04 16:37:11,925 basehttp 124 "GET /home/banners/ HTTP/1.1" 200 301
INFO 2020-12-04 16:37:11,931 basehttp 124 "GET /home/nav/ HTTP/1.1" 200 807
INFO 2020-12-04 16:37:11,943 basehttp 124 "GET /media/banner/01_36itvMx.png HTTP/1.1" 304 0
INFO 2020-12-04 16:37:11,944 basehttp 124 "GET /media/banner/02_dj92d3u.png HTTP/1.1" 304 0
INFO 2020-12-04 16:37:11,944 basehttp 124 "GET /media/banner/03_hADd0as.png HTTP/1.1" 304 0
WARNING 2020-12-04 16:37:40,288 base 91 Not Found: /user/captcha/
WARNING 2020-12-04 16:37:40,288 basehttp 124 "GET /user/captcha/?username=admin HTTP/1.1" 404 2232
WARNING 2020-12-04 16:37:43,767 base 91 Not Found: /user/captcha/
WARNING 2020-12-04 16:37:43,767 basehttp 124 "GET /user/captcha/?username=admin HTTP/1.1" 404 2232
WARNING 2020-12-04 16:37:44,159 base 91 Not Found: /user/captcha/
WARNING 2020-12-04 16:37:44,160 basehttp 124 "GET /user/captcha/?username=admin HTTP/1.1" 404 2232
WARNING 2020-12-04 16:37:44,511 base 91 Not Found: /user/captcha/
WARNING 2020-12-04 16:37:44,511 basehttp 124 "GET /user/captcha/?username=admin HTTP/1.1" 404 2232
WARNING 2020-12-04 16:37:44,703 base 91 Not Found: /user/captcha/
WARNING 2020-12-04 16:37:44,703 basehttp 124 "GET /user/captcha/?username=admin HTTP/1.1" 404 2232
WARNING 2020-12-04 16:37:44,863 base 91 Not Found: /user/captcha/
WARNING 2020-12-04 16:37:44,863 basehttp 124 "GET /user/captcha/?username=admin HTTP/1.1" 404 2232
WARNING 2020-12-04 16:37:45,031 base 91 Not Found: /user/captcha/
WARNING 2020-12-04 16:37:45,031 basehttp 124 "GET /user/captcha/?username=admin HTTP/1.1" 404 2232
WARNING 2020-12-04 16:37:45,214 base 91 Not Found: /user/captcha/
WARNING 2020-12-04 16:37:45,214 basehttp 124 "GET /user/captcha/?username=admin HTTP/1.1" 404 2232
WARNING 2020-12-04 16:37:56,686 base 91 Not Found: /user/captcha/
WARNING 2020-12-04 16:37:56,687 basehttp 124 "GET /user/captcha/?username=admin HTTP/1.1" 404 2232
INFO 2020-12-04 16:43:18,059 basehttp 124 "GET /home/nav/ HTTP/1.1" 200 807
INFO 2020-12-04 16:43:18,061 basehttp 124 "GET /home/banners/ HTTP/1.1" 200 301
INFO 2020-12-04 16:43:18,066 basehttp 124 "GET /home/nav/ HTTP/1.1" 200 807
INFO 2020-12-04 16:43:18,076 basehttp 124 "GET /media/banner/01_36itvMx.png HTTP/1.1" 304 0
INFO 2020-12-04 16:43:18,079 basehttp 124 "GET /media/banner/02_dj92d3u.png HTTP/1.1" 304 0
INFO 2020-12-04 16:43:18,080 basehttp 124 "GET /media/banner/03_hADd0as.png HTTP/1.1" 304 0
INFO 2020-12-04 16:43:41,985 basehttp 124 "GET /admin/home/banner/ HTTP/1.1" 200 29966
INFO 2020-12-04 16:43:42,006 basehttp 124 "GET /admin/jsi18n/ HTTP/1.1" 200 3185
INFO 2020-12-04 16:43:45,310 basehttp 124 "GET /admin/user/userinfo/ HTTP/1.1" 200 35397
INFO 2020-12-04 16:43:45,328 basehttp 124 "GET /admin/jsi18n/ HTTP/1.1" 200 3185
WARNING 2020-12-04 16:44:47,346 base 91 Not Found: /user/captcha/
WARNING 2020-12-04 16:44:47,346 basehttp 124 "GET /user/captcha/?username= HTTP/1.1" 404 2227
INFO 2020-12-04 21:15:01,140 basehttp 124 "GET /home/nav/ HTTP/1.1" 200 807
INFO 2020-12-04 21:15:01,140 basehttp 124 "GET /home/banners/ HTTP/1.1" 200 301
INFO 2020-12-04 21:15:01,147 basehttp 124 "GET /home/nav/ HTTP/1.1" 200 807
INFO 2020-12-04 21:15:01,161 basehttp 124 "GET /media/banner/03_hADd0as.png HTTP/1.1" 304 0
INFO 2020-12-04 21:15:01,162 basehttp 124 "GET /media/banner/01_36itvMx.png HTTP/1.1" 304 0
INFO 2020-12-04 21:15:01,162 basehttp 124 "GET /media/banner/02_dj92d3u.png HTTP/1.1" 304 0
INFO 2020-12-06 10:07:14,930 basehttp 124 "GET /home/banners/ HTTP/1.1" 200 301
INFO 2020-12-06 10:07:14,930 basehttp 124 "GET /home/nav/ HTTP/1.1" 200 807
INFO 2020-12-06 10:07:14,935 basehttp 124 "GET /home/nav/ HTTP/1.1" 200 807
INFO 2020-12-06 10:07:14,947 basehttp 124 "GET /media/banner/01_36itvMx.png HTTP/1.1" 304 0
INFO 2020-12-06 10:07:14,948 basehttp 124 "GET /media/banner/03_hADd0as.png HTTP/1.1" 304 0
INFO 2020-12-06 10:07:14,948 basehttp 124 "GET /media/banner/02_dj92d3u.png HTTP/1.1" 304 0
INFO 2020-12-06 10:07:34,720 basehttp 124 "GET /home/nav/ HTTP/1.1" 200 807
INFO 2020-12-06 10:07:34,723 basehttp 124 "GET /home/banners/ HTTP/1.1" 200 301
INFO 2020-12-06 10:07:34,727 basehttp 124 "GET /home/nav/ HTTP/1.1" 200 807
INFO 2020-12-06 10:07:35,379 basehttp 124 "GET /home/nav/ HTTP/1.1" 200 807
INFO 2020-12-06 10:07:35,380 basehttp 124 "GET /home/banners/ HTTP/1.1" 200 301
INFO 2020-12-06 10:07:35,386 basehttp 124 "GET /home/nav/ HTTP/1.1" 200 807
INFO 2020-12-06 10:07:40,308 basehttp 124 "GET /home/nav/ HTTP/1.1" 200 807
INFO 2020-12-06 10:07:40,312 basehttp 124 "GET /home/banners/ HTTP/1.1" 200 301
INFO 2020-12-06 10:07:40,315 basehttp 124 "GET /home/nav/ HTTP/1.1" 200 807
INFO 2020-12-06 10:08:15,112 basehttp 124 "GET /home/nav/ HTTP/1.1" 200 807
INFO 2020-12-06 10:08:15,116 basehttp 124 "GET /home/banners/ HTTP/1.1" 200 301
INFO 2020-12-06 10:08:15,119 basehttp 124 "GET /home/nav/ HTTP/1.1" 200 807
INFO 2020-12-06 11:35:36,797 basehttp 124 "GET /home/nav/ HTTP/1.1" 200 807
INFO 2020-12-06 11:35:36,799 basehttp 124 "GET /home/banners/ HTTP/1.1" 200 301
INFO 2020-12-06 11:35:36,810 basehttp 124 "GET /home/nav/ HTTP/1.1" 200 807
INFO 2020-12-06 14:01:51,108 basehttp 124 "GET /home/banners/ HTTP/1.1" 200 301
INFO 2020-12-06 14:01:51,108 basehttp 124 "GET /home/nav/ HTTP/1.1" 200 807
INFO 2020-12-06 14:01:51,115 basehttp 124 "GET /home/nav/ HTTP/1.1" 200 807
